0 verbose cli /usr/local/bin/node /usr/local/bin/npm
1 info using npm@11.11.0
2 info using node@v24.14.1
3 silly config load:file:/usr/local/lib/node_modules/npm/npmrc
4 silly config load:file:/Users/ibama/smart-world-x/.npmrc
5 silly config load:file:/Users/ibama/.npmrc
6 silly config load:file:/usr/local/etc/npmrc
7 verbose title npm install nodemailer@^7.0.3 @types/nodemailer@^6.4.17
8 verbose argv "install" "nodemailer@^7.0.3" "@types/nodemailer@^6.4.17" "--cache" "/Users/ibama/smart-world-x/.npm-cache"
9 verbose logfile logs-max:10 dir:/Users/ibama/smart-world-x/.npm-cache/_logs/2026-06-04T08_14_39_737Z-
10 verbose logfile /Users/ibama/smart-world-x/.npm-cache/_logs/2026-06-04T08_14_39_737Z-debug-0.log
11 silly logfile done cleaning log files
12 silly packumentCache heap:2348810240 maxSize:587202560 maxEntrySize:293601280
13 silly idealTree buildDeps
14 silly fetch manifest nodemailer@^7.0.3
15 silly packumentCache full:https://registry.npmjs.org/nodemailer cache-miss
16 http fetch GET 200 https://registry.npmjs.org/nodemailer 471ms (cache miss)
17 silly packumentCache full:https://registry.npmjs.org/nodemailer set size:undefined disposed:false
18 silly fetch manifest @types/nodemailer@^6.4.17
19 silly packumentCache full:https://registry.npmjs.org/@types%2fnodemailer cache-miss
20 http fetch GET 200 https://registry.npmjs.org/@types%2fnodemailer 60ms (cache miss)
21 silly packumentCache full:https://registry.npmjs.org/@types%2fnodemailer set size:undefined disposed:false
22 silly placeDep ROOT @types/nodemailer@6.4.23 OK for: smart-world-x@0.1.0 want: ^6.4.17
23 silly placeDep ROOT nodemailer@7.0.13 OK for: smart-world-x@0.1.0 want: ^7.0.3
24 silly reify moves {}
25 silly audit bulk request {
25 silly audit   '@alloc/quick-lru': [ '5.2.0' ],
25 silly audit   '@babel/code-frame': [ '7.29.7' ],
25 silly audit   '@babel/compat-data': [ '7.29.7' ],
25 silly audit   '@babel/core': [ '7.29.7' ],
25 silly audit   '@babel/generator': [ '7.29.7' ],
25 silly audit   '@babel/helper-compilation-targets': [ '7.29.7' ],
25 silly audit   '@babel/helper-globals': [ '7.29.7' ],
25 silly audit   '@babel/helper-module-imports': [ '7.29.7' ],
25 silly audit   '@babel/helper-module-transforms': [ '7.29.7' ],
25 silly audit   '@babel/helper-string-parser': [ '7.29.7' ],
25 silly audit   '@babel/helper-validator-identifier': [ '7.29.7' ],
25 silly audit   '@babel/helper-validator-option': [ '7.29.7' ],
25 silly audit   '@babel/helpers': [ '7.29.7' ],
25 silly audit   '@babel/parser': [ '7.29.7' ],
25 silly audit   '@babel/template': [ '7.29.7' ],
25 silly audit   '@babel/traverse': [ '7.29.7' ],
25 silly audit   '@babel/types': [ '7.29.7' ],
25 silly audit   '@emnapi/core': [ '1.10.0' ],
25 silly audit   '@emnapi/runtime': [ '1.10.0' ],
25 silly audit   '@emnapi/wasi-threads': [ '1.2.1' ],
25 silly audit   '@esbuild/aix-ppc64': [ '0.28.0' ],
25 silly audit   '@esbuild/android-arm': [ '0.28.0' ],
25 silly audit   '@esbuild/android-arm64': [ '0.28.0' ],
25 silly audit   '@esbuild/android-x64': [ '0.28.0' ],
25 silly audit   '@esbuild/darwin-arm64': [ '0.28.0' ],
25 silly audit   '@esbuild/darwin-x64': [ '0.28.0' ],
25 silly audit   '@esbuild/freebsd-arm64': [ '0.28.0' ],
25 silly audit   '@esbuild/freebsd-x64': [ '0.28.0' ],
25 silly audit   '@esbuild/linux-arm': [ '0.28.0' ],
25 silly audit   '@esbuild/linux-arm64': [ '0.28.0' ],
25 silly audit   '@esbuild/linux-ia32': [ '0.28.0' ],
25 silly audit   '@esbuild/linux-loong64': [ '0.28.0' ],
25 silly audit   '@esbuild/linux-mips64el': [ '0.28.0' ],
25 silly audit   '@esbuild/linux-ppc64': [ '0.28.0' ],
25 silly audit   '@esbuild/linux-riscv64': [ '0.28.0' ],
25 silly audit   '@esbuild/linux-s390x': [ '0.28.0' ],
25 silly audit   '@esbuild/linux-x64': [ '0.28.0' ],
25 silly audit   '@esbuild/netbsd-arm64': [ '0.28.0' ],
25 silly audit   '@esbuild/netbsd-x64': [ '0.28.0' ],
25 silly audit   '@esbuild/openbsd-arm64': [ '0.28.0' ],
25 silly audit   '@esbuild/openbsd-x64': [ '0.28.0' ],
25 silly audit   '@esbuild/openharmony-arm64': [ '0.28.0' ],
25 silly audit   '@esbuild/sunos-x64': [ '0.28.0' ],
25 silly audit   '@esbuild/win32-arm64': [ '0.28.0' ],
25 silly audit   '@esbuild/win32-ia32': [ '0.28.0' ],
25 silly audit   '@esbuild/win32-x64': [ '0.28.0' ],
25 silly audit   '@eslint-community/eslint-utils': [ '4.9.1' ],
25 silly audit   'eslint-visitor-keys': [ '3.4.3', '5.0.1', '4.2.1' ],
25 silly audit   '@eslint-community/regexpp': [ '4.12.2' ],
25 silly audit   '@eslint/config-array': [ '0.21.2' ],
25 silly audit   '@eslint/config-helpers': [ '0.4.2' ],
25 silly audit   '@eslint/core': [ '0.17.0' ],
25 silly audit   '@eslint/eslintrc': [ '3.3.5' ],
25 silly audit   '@eslint/js': [ '9.39.4' ],
25 silly audit   '@eslint/object-schema': [ '2.1.7' ],
25 silly audit   '@eslint/plugin-kit': [ '0.4.1' ],
25 silly audit   '@formatjs/ecma402-abstract': [ '2.3.6' ],
25 silly audit   '@formatjs/fast-memoize': [ '2.2.7' ],
25 silly audit   '@formatjs/icu-messageformat-parser': [ '2.11.4' ],
25 silly audit   '@formatjs/icu-skeleton-parser': [ '1.8.16' ],
25 silly audit   '@formatjs/intl-localematcher': [ '0.6.2' ],
25 silly audit   '@humanfs/core': [ '0.19.2' ],
25 silly audit   '@humanfs/node': [ '0.16.8' ],
25 silly audit   '@humanfs/types': [ '0.15.0' ],
25 silly audit   '@humanwhocodes/module-importer': [ '1.0.1' ],
25 silly audit   '@humanwhocodes/retry': [ '0.4.3' ],
25 silly audit   '@img/colour': [ '1.1.0' ],
25 silly audit   '@img/sharp-darwin-arm64': [ '0.34.5' ],
25 silly audit   '@img/sharp-darwin-x64': [ '0.34.5' ],
25 silly audit   '@img/sharp-libvips-darwin-arm64': [ '1.2.4' ],
25 silly audit   '@img/sharp-libvips-darwin-x64': [ '1.2.4' ],
25 silly audit   '@img/sharp-libvips-linux-arm': [ '1.2.4' ],
25 silly audit   '@img/sharp-libvips-linux-arm64': [ '1.2.4' ],
25 silly audit   '@img/sharp-libvips-linux-ppc64': [ '1.2.4' ],
25 silly audit   '@img/sharp-libvips-linux-riscv64': [ '1.2.4' ],
25 silly audit   '@img/sharp-libvips-linux-s390x': [ '1.2.4' ],
25 silly audit   '@img/sharp-libvips-linux-x64': [ '1.2.4' ],
25 silly audit   '@img/sharp-libvips-linuxmusl-arm64': [ '1.2.4' ],
25 silly audit   '@img/sharp-libvips-linuxmusl-x64': [ '1.2.4' ],
25 silly audit   '@img/sharp-linux-arm': [ '0.34.5' ],
25 silly audit   '@img/sharp-linux-arm64': [ '0.34.5' ],
25 silly audit   '@img/sharp-linux-ppc64': [ '0.34.5' ],
25 silly audit   '@img/sharp-linux-riscv64': [ '0.34.5' ],
25 silly audit   '@img/sharp-linux-s390x': [ '0.34.5' ],
25 silly audit   '@img/sharp-linux-x64': [ '0.34.5' ],
25 silly audit   '@img/sharp-linuxmusl-arm64': [ '0.34.5' ],
25 silly audit   '@img/sharp-linuxmusl-x64': [ '0.34.5' ],
25 silly audit   '@img/sharp-wasm32': [ '0.34.5' ],
25 silly audit   '@img/sharp-win32-arm64': [ '0.34.5' ],
25 silly audit   '@img/sharp-win32-ia32': [ '0.34.5' ],
25 silly audit   '@img/sharp-win32-x64': [ '0.34.5' ],
25 silly audit   '@jridgewell/gen-mapping': [ '0.3.13' ],
25 silly audit   '@jridgewell/remapping': [ '2.3.5' ],
25 silly audit   '@jridgewell/resolve-uri': [ '3.1.2' ],
25 silly audit   '@jridgewell/sourcemap-codec': [ '1.5.5' ],
25 silly audit   '@jridgewell/trace-mapping': [ '0.3.31' ],
25 silly audit   '@msgpackr-extract/msgpackr-extract-darwin-arm64': [ '3.0.4' ],
25 silly audit   '@msgpackr-extract/msgpackr-extract-darwin-x64': [ '3.0.4' ],
25 silly audit   '@msgpackr-extract/msgpackr-extract-linux-arm': [ '3.0.4' ],
25 silly audit   '@msgpackr-extract/msgpackr-extract-linux-arm64': [ '3.0.4' ],
25 silly audit   '@msgpackr-extract/msgpackr-extract-linux-x64': [ '3.0.4' ],
25 silly audit   '@msgpackr-extract/msgpackr-extract-win32-x64': [ '3.0.4' ],
25 silly audit   '@napi-rs/wasm-runtime': [ '1.1.4' ],
25 silly audit   '@next/env': [ '16.2.7' ],
25 silly audit   '@next/eslint-plugin-next': [ '16.2.7' ],
25 silly audit   '@next/swc-darwin-arm64': [ '16.2.7' ],
25 silly audit   '@next/swc-darwin-x64': [ '16.2.7' ],
25 silly audit   '@next/swc-linux-arm64-gnu': [ '16.2.7' ],
25 silly audit   '@next/swc-linux-arm64-musl': [ '16.2.7' ],
25 silly audit   '@next/swc-linux-x64-gnu': [ '16.2.7' ],
25 silly audit   '@next/swc-linux-x64-musl': [ '16.2.7' ],
25 silly audit   '@next/swc-win32-arm64-msvc': [ '16.2.7' ],
25 silly audit   '@next/swc-win32-x64-msvc': [ '16.2.7' ],
25 silly audit   '@nodelib/fs.scandir': [ '2.1.5' ],
25 silly audit   '@nodelib/fs.stat': [ '2.0.5' ],
25 silly audit   '@nodelib/fs.walk': [ '1.2.8' ],
25 silly audit   '@nolyfill/is-core-module': [ '1.0.39' ],
25 silly audit   '@opentelemetry/api': [ '1.9.1' ],
25 silly audit   '@opentelemetry/api-logs': [ '0.57.2' ],
25 silly audit   '@opentelemetry/context-async-hooks': [ '1.30.1' ],
25 silly audit   '@opentelemetry/core': [ '1.30.1' ],
25 silly audit   '@opentelemetry/semantic-conventions': [ '1.28.0', '1.41.1' ],
25 silly audit   '@opentelemetry/instrumentation': [ '0.57.2' ],
25 silly audit   '@opentelemetry/instrumentation-amqplib': [ '0.46.1' ],
25 silly audit   '@opentelemetry/instrumentation-connect': [ '0.43.1' ],
25 silly audit   '@opentelemetry/instrumentation-dataloader': [ '0.16.1' ],
25 silly audit   '@opentelemetry/instrumentation-express': [ '0.47.1' ],
25 silly audit   '@opentelemetry/instrumentation-fs': [ '0.19.1' ],
25 silly audit   '@opentelemetry/instrumentation-generic-pool': [ '0.43.1' ],
25 silly audit   '@opentelemetry/instrumentation-graphql': [ '0.47.1' ],
25 silly audit   '@opentelemetry/instrumentation-hapi': [ '0.45.2' ],
25 silly audit   '@opentelemetry/instrumentation-http': [ '0.57.2' ],
25 silly audit   semver: [ '7.8.1', '7.8.0', '6.3.1' ],
25 silly audit   '@opentelemetry/instrumentation-ioredis': [ '0.47.1' ],
25 silly audit   '@opentelemetry/instrumentation-kafkajs': [ '0.7.1' ],
25 silly audit   '@opentelemetry/instrumentation-knex': [ '0.44.1' ],
25 silly audit   '@opentelemetry/instrumentation-koa': [ '0.47.1' ],
25 silly audit   '@opentelemetry/instrumentation-lru-memoizer': [ '0.44.1' ],
25 silly audit   '@opentelemetry/instrumentation-mongodb': [ '0.52.0' ],
25 silly audit   '@opentelemetry/instrumentation-mongoose': [ '0.46.1' ],
25 silly audit   '@opentelemetry/instrumentation-mysql': [ '0.45.1' ],
25 silly audit   '@opentelemetry/instrumentation-mysql2': [ '0.45.2' ],
25 silly audit   '@opentelemetry/instrumentation-pg': [ '0.51.1' ],
25 silly audit   '@opentelemetry/instrumentation-redis-4': [ '0.46.1' ],
25 silly audit   '@opentelemetry/instrumentation-tedious': [ '0.18.1' ],
25 silly audit   '@opentelemetry/instrumentation-undici': [ '0.10.1' ],
25 silly audit   '@opentelemetry/redis-common': [ '0.36.2' ],
25 silly audit   '@opentelemetry/resources': [ '1.30.1' ],
25 silly audit   '@opentelemetry/sdk-trace-base': [ '1.30.1' ],
25 silly audit   '@opentelemetry/sql-common': [ '0.40.1' ],
25 silly audit   '@paulirish/trace_engine': [ '0.0.59' ],
25 silly audit   '@prisma/client': [ '6.19.3' ],
25 silly audit   '@prisma/config': [ '6.19.3' ],
25 silly audit   '@prisma/debug': [ '6.19.3' ],
25 silly audit   '@prisma/engines': [ '6.19.3' ],
25 silly audit   '@prisma/engines-version': [ '7.1.1-3.c2990dca591cba766e3b7ef5d9e8a84796e47ab7' ],
25 silly audit   '@prisma/fetch-engine': [ '6.19.3' ],
25 silly audit   '@prisma/get-platform': [ '6.19.3' ],
25 silly audit   '@prisma/instrumentation': [ '6.11.1' ],
25 silly audit   '@puppeteer/browsers': [ '2.13.2' ],
25 silly audit   '@rtsao/scc': [ '1.1.0' ],
25 silly audit   '@sentry/core': [ '9.47.1' ],
25 silly audit   '@sentry/node': [ '9.47.1' ],
25 silly audit   '@sentry/node-core': [ '9.47.1' ],
25 silly audit   'brace-expansion': [ '2.1.1', '5.0.6', '1.1.15' ],
25 silly audit   minimatch: [ '9.0.9', '10.2.5', '3.1.5' ],
25 silly audit   '@sentry/opentelemetry': [ '9.47.1' ],
25 silly audit   '@standard-schema/spec': [ '1.1.0' ],
25 silly audit   '@swc/helpers': [ '0.5.15' ],
25 silly audit   '@tailwindcss/node': [ '4.3.0' ],
25 silly audit   '@tailwindcss/oxide': [ '4.3.0' ],
25 silly audit   '@tailwindcss/oxide-android-arm64': [ '4.3.0' ],
25 silly audit   '@tailwindcss/oxide-darwin-arm64': [ '4.3.0' ],
25 silly audit   '@tailwindcss/oxide-darwin-x64': [ '4.3.0' ],
25 silly audit   '@tailwindcss/oxide-freebsd-x64': [ '4.3.0' ],
25 silly audit   '@tailwindcss/oxide-linux-arm-gnueabihf': [ '4.3.0' ],
25 silly audit   '@tailwindcss/oxide-linux-arm64-gnu': [ '4.3.0' ],
25 silly audit   '@tailwindcss/oxide-linux-arm64-musl': [ '4.3.0' ],
25 silly audit   '@tailwindcss/oxide-linux-x64-gnu': [ '4.3.0' ],
25 silly audit   '@tailwindcss/oxide-linux-x64-musl': [ '4.3.0' ],
25 silly audit   '@tailwindcss/oxide-wasm32-wasi': [ '4.3.0' ],
25 silly audit   '@tailwindcss/oxide-win32-arm64-msvc': [ '4.3.0' ],
25 silly audit   '@tailwindcss/oxide-win32-x64-msvc': [ '4.3.0' ],
25 silly audit   '@tailwindcss/postcss': [ '4.3.0' ],
25 silly audit   '@tootallnate/quickjs-emscripten': [ '0.23.0' ],
25 silly audit   '@tybys/wasm-util': [ '0.10.2' ],
25 silly audit   '@types/connect': [ '3.4.38' ],
25 silly audit   '@types/estree': [ '1.0.9' ],
25 silly audit   '@types/json-schema': [ '7.0.15' ],
25 silly audit   '@types/json5': [ '0.0.29' ],
25 silly audit   '@types/mysql': [ '2.15.26' ],
25 silly audit   '@types/node': [ '20.19.41' ],
25 silly audit   '@types/pg': [ '8.6.1' ],
25 silly audit   '@types/pg-pool': [ '2.0.6' ],
25 silly audit   '@types/react': [ '19.2.16' ],
25 silly audit   '@types/react-dom': [ '19.2.3' ],
25 silly audit   '@types/shimmer': [ '1.2.0' ],
25 silly audit   '@types/tedious': [ '4.0.14' ],
25 silly audit   '@types/yauzl': [ '2.10.3' ],
25 silly audit   '@typescript-eslint/eslint-plugin': [ '8.60.1' ],
25 silly audit   ignore: [ '7.0.5', '5.3.2' ],
25 silly audit   '@typescript-eslint/parser': [ '8.60.1' ],
25 silly audit   '@typescript-eslint/project-service': [ '8.60.1' ],
25 silly audit   '@typescript-eslint/scope-manager': [ '8.60.1' ],
25 silly audit   '@typescript-eslint/tsconfig-utils': [ '8.60.1' ],
25 silly audit   '@typescript-eslint/type-utils': [ '8.60.1' ],
25 silly audit   '@typescript-eslint/types': [ '8.60.1' ],
25 silly audit   '@typescript-eslint/typescript-estree': [ '8.60.1' ],
25 silly audit   'balanced-match': [ '4.0.4', '1.0.2' ],
25 silly audit   '@typescript-eslint/utils': [ '8.60.1' ],
25 silly audit   '@typescript-eslint/visitor-keys': [ '8.60.1' ],
25 silly audit   '@unrs/resolver-binding-android-arm-eabi': [ '1.12.2' ],
25 silly audit   '@unrs/resolver-binding-android-arm64': [ '1.12.2' ],
25 silly audit   '@unrs/resolver-binding-darwin-arm64': [ '1.12.2' ],
25 silly audit   '@unrs/resolver-binding-darwin-x64': [ '1.12.2' ],
25 silly audit   '@unrs/resolver-binding-freebsd-x64': [ '1.12.2' ],
25 silly audit   '@unrs/resolver-binding-linux-arm-gnueabihf': [ '1.12.2' ],
25 silly audit   '@unrs/resolver-binding-linux-arm-musleabihf': [ '1.12.2' ],
25 silly audit   '@unrs/resolver-binding-linux-arm64-gnu': [ '1.12.2' ],
25 silly audit   '@unrs/resolver-binding-linux-arm64-musl': [ '1.12.2' ],
25 silly audit   '@unrs/resolver-binding-linux-loong64-gnu': [ '1.12.2' ],
25 silly audit   '@unrs/resolver-binding-linux-loong64-musl': [ '1.12.2' ],
25 silly audit   '@unrs/resolver-binding-linux-ppc64-gnu': [ '1.12.2' ],
25 silly audit   '@unrs/resolver-binding-linux-riscv64-gnu': [ '1.12.2' ],
25 silly audit   '@unrs/resolver-binding-linux-riscv64-musl': [ '1.12.2' ],
25 silly audit   '@unrs/resolver-binding-linux-s390x-gnu': [ '1.12.2' ],
25 silly audit   '@unrs/resolver-binding-linux-x64-gnu': [ '1.12.2' ],
25 silly audit   '@unrs/resolver-binding-linux-x64-musl': [ '1.12.2' ],
25 silly audit   '@unrs/resolver-binding-openharmony-arm64': [ '1.12.2' ],
25 silly audit   '@unrs/resolver-binding-wasm32-wasi': [ '1.12.2' ],
25 silly audit   '@unrs/resolver-binding-win32-arm64-msvc': [ '1.12.2' ],
25 silly audit   '@unrs/resolver-binding-win32-ia32-msvc': [ '1.12.2' ],
25 silly audit   '@unrs/resolver-binding-win32-x64-msvc': [ '1.12.2' ],
25 silly audit   acorn: [ '8.16.0' ],
25 silly audit   'acorn-import-attributes': [ '1.9.5' ],
25 silly audit   'acorn-jsx': [ '5.3.2' ],
25 silly audit   'agent-base': [ '7.1.4' ],
25 silly audit   ajv: [ '6.15.0' ],
25 silly audit   'ansi-colors': [ '4.1.3' ],
25 silly audit   'ansi-regex': [ '5.0.1' ],
25 silly audit   'ansi-styles': [ '4.3.0' ],
25 silly audit   argparse: [ '2.0.1' ],
25 silly audit   'aria-query': [ '5.3.2' ],
25 silly audit   'array-buffer-byte-length': [ '1.0.2' ],
25 silly audit   'array-includes': [ '3.1.9' ],
25 silly audit   'array.prototype.findlast': [ '1.2.5' ],
25 silly audit   'array.prototype.findlastindex': [ '1.2.6' ],
25 silly audit   'array.prototype.flat': [ '1.3.3' ],
25 silly audit   'array.prototype.flatmap': [ '1.3.3' ],
25 silly audit   'array.prototype.tosorted': [ '1.1.4' ],
25 silly audit   'arraybuffer.prototype.slice': [ '1.0.4' ],
25 silly audit   'ast-types': [ '0.13.4' ],
25 silly audit   'ast-types-flow': [ '0.0.8' ],
25 silly audit   'async-function': [ '1.0.0' ],
25 silly audit   atomically: [ '2.1.1' ],
25 silly audit   'available-typed-arrays': [ '1.0.7' ],
25 silly audit   'axe-core': [ '4.12.0' ],
25 silly audit   'axobject-query': [ '4.1.0' ],
25 silly audit   b4a: [ '1.8.1' ],
25 silly audit   'bare-events': [ '2.9.1' ],
25 silly audit   'bare-fs': [ '4.7.2' ],
25 silly audit   'bare-os': [ '3.9.1' ],
25 silly audit   'bare-path': [ '3.0.1' ],
25 silly audit   'bare-stream': [ '2.13.1' ],
25 silly audit   'bare-url': [ '2.4.3' ],
25 silly audit   'baseline-browser-mapping': [ '2.10.33' ],
25 silly audit   'basic-ftp': [ '5.3.1' ],
25 silly audit   boolbase: [ '1.0.0' ],
25 silly audit   braces: [ '3.0.3' ],
25 silly audit   browserslist: [ '4.28.2' ],
25 silly audit   'buffer-crc32': [ '0.2.13' ],
25 silly audit   bullmq: [ '5.78.0' ],
25 silly audit   '@ioredis/commands': [ '1.5.1' ],
25 silly audit   ioredis: [ '5.10.1' ],
25 silly audit   c12: [ '3.1.0' ],
25 silly audit   'call-bind': [ '1.0.9' ],
25 silly audit   'call-bind-apply-helpers': [ '1.0.2' ],
25 silly audit   'call-bound': [ '1.0.4' ],
25 silly audit   callsites: [ '3.1.0' ],
25 silly audit   'caniuse-lite': [ '1.0.30001793' ],
25 silly audit   chalk: [ '4.1.2' ],
25 silly audit   cheerio: [ '1.2.0' ],
25 silly audit   'cheerio-select': [ '2.1.0' ],
25 silly audit   chokidar: [ '4.0.3' ],
25 silly audit   'chrome-launcher': [ '1.2.1' ],
25 silly audit   'chromium-bidi': [ '14.0.0' ],
25 silly audit   citty: [ '0.1.6', '0.2.2' ],
25 silly audit   'cjs-module-lexer': [ '1.4.3' ],
25 silly audit   'client-only': [ '0.0.1' ],
25 silly audit   cliui: [ '8.0.1' ],
25 silly audit   'cluster-key-slot': [ '1.1.1' ],
25 silly audit   'color-convert': [ '2.0.1' ],
25 silly audit   'color-name': [ '1.1.4' ],
25 silly audit   'concat-map': [ '0.0.1' ],
25 silly audit   confbox: [ '0.2.4' ],
25 silly audit   configstore: [ '7.1.0' ],
25 silly audit   consola: [ '3.4.2' ],
25 silly audit   'convert-source-map': [ '2.0.0' ],
25 silly audit   'cron-parser': [ '4.9.0' ],
25 silly audit   'cross-spawn': [ '7.0.6' ],
25 silly audit   csp_evaluator: [ '1.1.5' ],
25 silly audit   'css-select': [ '5.2.2' ],
25 silly audit   'css-what': [ '6.2.2' ],
25 silly audit   csstype: [ '3.2.3' ],
25 silly audit   'damerau-levenshtein': [ '1.0.8' ],
25 silly audit   'data-uri-to-buffer': [ '6.0.2' ],
25 silly audit   'data-view-buffer': [ '1.0.2' ],
25 silly audit   'data-view-byte-length': [ '1.0.2' ],
25 silly audit   'data-view-byte-offset': [ '1.0.1' ],
25 silly audit   debug: [ '4.4.3', '3.2.7' ],
25 silly audit   'decimal.js': [ '10.6.0' ],
25 silly audit   'deep-is': [ '0.1.4' ],
25 silly audit   'deepmerge-ts': [ '7.1.5' ],
25 silly audit   'define-data-property': [ '1.1.4' ],
25 silly audit   'define-lazy-prop': [ '2.0.0' ],
25 silly audit   'define-properties': [ '1.2.1' ],
25 silly audit   defu: [ '6.1.7' ],
25 silly audit   degenerator: [ '5.0.1' ],
25 silly audit   denque: [ '2.1.0' ],
25 silly audit   destr: [ '2.0.5' ],
25 silly audit   'detect-libc': [ '2.1.2' ],
25 silly audit   'devtools-protocol': [ '0.0.1507524', '0.0.1608973' ],
25 silly audit   doctrine: [ '2.1.0' ],
25 silly audit   'dom-serializer': [ '2.0.0' ],
25 silly audit   domelementtype: [ '2.3.0' ],
25 silly audit   domhandler: [ '5.0.3' ],
25 silly audit   domutils: [ '3.2.2' ],
25 silly audit   'dot-prop': [ '9.0.0' ],
25 silly audit   dotenv: [ '16.6.1' ],
25 silly audit   'dunder-proto': [ '1.0.1' ],
25 silly audit   effect: [ '3.21.0' ],
25 silly audit   'electron-to-chromium': [ '1.5.367' ],
25 silly audit   'emoji-regex': [ '9.2.2', '8.0.0' ],
25 silly audit   empathic: [ '2.0.0' ],
25 silly audit   'encoding-sniffer': [ '0.2.1' ],
25 silly audit   'end-of-stream': [ '1.4.5' ],
25 silly audit   'enhanced-resolve': [ '5.22.2' ],
25 silly audit   enquirer: [ '2.4.1' ],
25 silly audit   entities: [ '4.5.0', '7.0.1', '6.0.1' ],
25 silly audit   'es-abstract': [ '1.24.2' ],
25 silly audit   'es-define-property': [ '1.0.1' ],
25 silly audit   'es-errors': [ '1.3.0' ],
25 silly audit   'es-iterator-helpers': [ '1.3.2' ],
25 silly audit   'es-object-atoms': [ '1.1.2' ],
25 silly audit   'es-set-tostringtag': [ '2.1.0' ],
25 silly audit   'es-shim-unscopables': [ '1.1.0' ],
25 silly audit   'es-to-primitive': [ '1.3.0' ],
25 silly audit   esbuild: [ '0.28.0' ],
25 silly audit   escalade: [ '3.2.0' ],
25 silly audit   'escape-string-regexp': [ '4.0.0' ],
25 silly audit   escodegen: [ '2.1.0' ],
25 silly audit   eslint: [ '9.39.4' ],
25 silly audit   'eslint-config-next': [ '16.2.7' ],
25 silly audit   globals: [ '16.4.0', '14.0.0' ],
25 silly audit   'eslint-import-resolver-node': [ '0.3.10' ],
25 silly audit   'eslint-import-resolver-typescript': [ '3.10.1' ],
25 silly audit   'eslint-module-utils': [ '2.13.0' ],
25 silly audit   'eslint-plugin-import': [ '2.32.0' ],
25 silly audit   'eslint-plugin-jsx-a11y': [ '6.10.2' ],
25 silly audit   'eslint-plugin-react': [ '7.37.5' ],
25 silly audit   'eslint-plugin-react-hooks': [ '7.1.1' ],
25 silly audit   'eslint-scope': [ '8.4.0' ],
25 silly audit   espree: [ '10.4.0' ],
25 silly audit   esprima: [ '4.0.1' ],
25 silly audit   esquery: [ '1.7.0' ],
25 silly audit   esrecurse: [ '4.3.0' ],
25 silly audit   estraverse: [ '5.3.0' ],
25 silly audit   esutils: [ '2.0.3' ],
25 silly audit   'events-universal': [ '1.0.1' ],
25 silly audit   exsolve: [ '1.0.8' ],
25 silly audit   'extract-zip': [ '2.0.1' ],
25 silly audit   'fast-check': [ '3.23.2' ],
25 silly audit   'fast-deep-equal': [ '3.1.3' ],
25 silly audit   'fast-fifo': [ '1.3.2' ],
25 silly audit   'fast-glob': [ '3.3.1' ],
25 silly audit   'glob-parent': [ '5.1.2', '6.0.2' ],
25 silly audit   'fast-json-stable-stringify': [ '2.1.0' ],
25 silly audit   'fast-levenshtein': [ '2.0.6' ],
25 silly audit   fastq: [ '1.20.1' ],
25 silly audit   'fd-slicer': [ '1.1.0' ],
25 silly audit   'file-entry-cache': [ '8.0.0' ],
25 silly audit   'fill-range': [ '7.1.1' ],
25 silly audit   'find-up': [ '5.0.0' ],
25 silly audit   'flat-cache': [ '4.0.1' ],
25 silly audit   flatted: [ '3.4.2' ],
25 silly audit   'for-each': [ '0.3.5' ],
25 silly audit   'forwarded-parse': [ '2.1.2' ],
25 silly audit   fsevents: [ '2.3.3' ],
25 silly audit   'function-bind': [ '1.1.2' ],
25 silly audit   'function.prototype.name': [ '1.1.8' ],
25 silly audit   'functions-have-names': [ '1.2.3' ],
25 silly audit   'generator-function': [ '2.0.1' ],
25 silly audit   gensync: [ '1.0.0-beta.2' ],
25 silly audit   'get-caller-file': [ '2.0.5' ],
25 silly audit   'get-intrinsic': [ '1.3.0' ],
25 silly audit   'get-proto': [ '1.0.1' ],
25 silly audit   'get-stream': [ '5.2.0' ],
25 silly audit   'get-symbol-description': [ '1.1.0' ],
25 silly audit   'get-tsconfig': [ '4.14.0' ],
25 silly audit   'get-uri': [ '6.0.5' ],
25 silly audit   giget: [ '2.0.0' ],
25 silly audit   globalthis: [ '1.0.4' ],
25 silly audit   gopd: [ '1.2.0' ],
25 silly audit   'graceful-fs': [ '4.2.11' ],
25 silly audit   'has-bigints': [ '1.1.0' ],
25 silly audit   'has-flag': [ '4.0.0' ],
25 silly audit   'has-property-descriptors': [ '1.0.2' ],
25 silly audit   'has-proto': [ '1.2.0' ],
25 silly audit   'has-symbols': [ '1.1.0' ],
25 silly audit   'has-tostringtag': [ '1.0.2' ],
25 silly audit   hasown: [ '2.0.4' ],
25 silly audit   'hermes-estree': [ '0.25.1' ],
25 silly audit   'hermes-parser': [ '0.25.1' ],
25 silly audit   htmlparser2: [ '10.1.0' ],
25 silly audit   'http-link-header': [ '1.1.3' ],
25 silly audit   'http-proxy-agent': [ '7.0.2' ],
25 silly audit   'https-proxy-agent': [ '7.0.6' ],
25 silly audit   'iconv-lite': [ '0.6.3' ],
25 silly audit   'image-ssim': [ '0.2.0' ],
25 silly audit   'import-fresh': [ '3.3.1' ],
25 silly audit   'import-in-the-middle': [ '1.15.0' ],
25 silly audit   imurmurhash: [ '0.1.4' ],
25 silly audit   'internal-slot': [ '1.1.0' ],
25 silly audit   'intl-messageformat': [ '10.7.18' ],
25 silly audit   'ip-address': [ '10.2.0' ],
25 silly audit   'is-array-buffer': [ '3.0.5' ],
25 silly audit   'is-async-function': [ '2.1.1' ],
25 silly audit   'is-bigint': [ '1.1.0' ],
25 silly audit   'is-boolean-object': [ '1.2.2' ],
25 silly audit   'is-bun-module': [ '2.0.0' ],
25 silly audit   'is-callable': [ '1.2.7' ],
25 silly audit   'is-core-module': [ '2.16.2' ],
25 silly audit   'is-data-view': [ '1.0.2' ],
25 silly audit   'is-date-object': [ '1.1.0' ],
25 silly audit   'is-docker': [ '2.2.1' ],
25 silly audit   'is-extglob': [ '2.1.1' ],
25 silly audit   'is-finalizationregistry': [ '1.1.1' ],
25 silly audit   'is-fullwidth-code-point': [ '3.0.0' ],
25 silly audit   'is-generator-function': [ '1.1.2' ],
25 silly audit   'is-glob': [ '4.0.3' ],
25 silly audit   'is-map': [ '2.0.3' ],
25 silly audit   'is-negative-zero': [ '2.0.3' ],
25 silly audit   'is-number': [ '7.0.0' ],
25 silly audit   'is-number-object': [ '1.1.1' ],
25 silly audit   'is-regex': [ '1.2.1' ],
25 silly audit   'is-set': [ '2.0.3' ],
25 silly audit   'is-shared-array-buffer': [ '1.0.4' ],
25 silly audit   'is-string': [ '1.1.1' ],
25 silly audit   'is-symbol': [ '1.1.1' ],
25 silly audit   'is-typed-array': [ '1.1.15' ],
25 silly audit   'is-weakmap': [ '2.0.2' ],
25 silly audit   'is-weakref': [ '1.1.1' ],
25 silly audit   'is-weakset': [ '2.0.4' ],
25 silly audit   'is-wsl': [ '2.2.0' ],
25 silly audit   isarray: [ '2.0.5' ],
25 silly audit   isexe: [ '2.0.0' ],
25 silly audit   'iterator.prototype': [ '1.1.5' ],
25 silly audit   jiti: [ '2.7.0' ],
25 silly audit   'jpeg-js': [ '0.4.4' ],
25 silly audit   'js-library-detector': [ '6.7.0' ],
25 silly audit   'js-tokens': [ '4.0.0' ],
25 silly audit   'js-yaml': [ '4.2.0' ],
25 silly audit   jsesc: [ '3.1.0' ],
25 silly audit   'json-buffer': [ '3.0.1' ],
25 silly audit   'json-schema-traverse': [ '0.4.1' ],
25 silly audit   'json-stable-stringify-without-jsonify': [ '1.0.1' ],
25 silly audit   json5: [ '2.2.3', '1.0.2' ],
25 silly audit   'jsx-ast-utils': [ '3.3.5' ],
25 silly audit   keyv: [ '4.5.4' ],
25 silly audit   'language-subtag-registry': [ '0.3.23' ],
25 silly audit   'language-tags': [ '1.0.9' ],
25 silly audit   'legacy-javascript': [ '0.0.1' ],
25 silly audit   levn: [ '0.4.1' ],
25 silly audit   lighthouse: [ '12.8.2' ],
25 silly audit   'lighthouse-logger': [ '2.0.2' ],
25 silly audit   'lighthouse-stack-packs': [ '1.12.2' ],
25 silly audit   lightningcss: [ '1.32.0' ],
25 silly audit   'lightningcss-android-arm64': [ '1.32.0' ],
25 silly audit   'lightningcss-darwin-arm64': [ '1.32.0' ],
25 silly audit   'lightningcss-darwin-x64': [ '1.32.0' ],
25 silly audit   'lightningcss-freebsd-x64': [ '1.32.0' ],
25 silly audit   'lightningcss-linux-arm-gnueabihf': [ '1.32.0' ],
25 silly audit   'lightningcss-linux-arm64-gnu': [ '1.32.0' ],
25 silly audit   'lightningcss-linux-arm64-musl': [ '1.32.0' ],
25 silly audit   'lightningcss-linux-x64-gnu': [ '1.32.0' ],
25 silly audit   'lightningcss-linux-x64-musl': [ '1.32.0' ],
25 silly audit   'lightningcss-win32-arm64-msvc': [ '1.32.0' ],
25 silly audit   'lightningcss-win32-x64-msvc': [ '1.32.0' ],
25 silly audit   'locate-path': [ '6.0.0' ],
25 silly audit   'lodash-es': [ '4.18.1' ],
25 silly audit   'lodash.defaults': [ '4.2.0' ],
25 silly audit   'lodash.isarguments': [ '3.1.0' ],
25 silly audit   'lodash.merge': [ '4.6.2' ],
25 silly audit   'lookup-closest-locale': [ '6.2.0' ],
25 silly audit   'loose-envify': [ '1.4.0' ],
25 silly audit   'lru-cache': [ '5.1.1', '7.18.3' ],
25 silly audit   luxon: [ '3.7.2' ],
25 silly audit   'magic-string': [ '0.30.21' ],
25 silly audit   marky: [ '1.3.0' ],
25 silly audit   'math-intrinsics': [ '1.1.0' ],
25 silly audit   merge2: [ '1.4.1' ],
25 silly audit   'metaviewport-parser': [ '0.3.0' ],
25 silly audit   micromatch: [ '4.0.8' ],
25 silly audit   minimist: [ '1.2.8' ],
25 silly audit   mitt: [ '3.0.1' ],
25 silly audit   'module-details-from-path': [ '1.0.4' ],
25 silly audit   ms: [ '2.1.3' ],
25 silly audit   msgpackr: [ '2.0.2' ],
25 silly audit   'msgpackr-extract': [ '3.0.4' ],
25 silly audit   nanoid: [ '3.3.12' ],
25 silly audit   'napi-postinstall': [ '0.3.4' ],
25 silly audit   'natural-compare': [ '1.4.0' ],
25 silly audit   netmask: [ '2.1.1' ],
25 silly audit   next: [ '16.2.7' ],
25 silly audit   postcss: [ '8.4.31', '8.5.15' ],
25 silly audit   'node-abort-controller': [ '3.1.1' ],
25 silly audit   'node-exports-info': [ '1.6.0' ],
25 silly audit   'node-fetch-native': [ '1.6.7' ],
25 silly audit   'node-gyp-build-optional-packages': [ '5.2.2' ],
25 silly audit   'node-releases': [ '2.0.47' ],
25 silly audit   'nth-check': [ '2.1.1' ],
25 silly audit   nypm: [ '0.6.6' ],
25 silly audit   'object-assign': [ '4.1.1' ],
25 silly audit   'object-inspect': [ '1.13.4' ],
25 silly audit   'object-keys': [ '1.1.1' ],
25 silly audit   'object.assign': [ '4.1.7' ],
25 silly audit   'object.entries': [ '1.1.9' ],
25 silly audit   'object.fromentries': [ '2.0.8' ],
25 silly audit   'object.groupby': [ '1.0.3' ],
25 silly audit   'object.values': [ '1.2.1' ],
25 silly audit   ohash: [ '2.0.11' ],
25 silly audit   once: [ '1.4.0' ],
25 silly audit   open: [ '8.4.2' ],
25 silly audit   optionator: [ '0.9.4' ],
25 silly audit   'own-keys': [ '1.0.1' ],
25 silly audit   'p-limit': [ '3.1.0' ],
25 silly audit   'p-locate': [ '5.0.0' ],
25 silly audit   'pac-proxy-agent': [ '7.2.0' ],
25 silly audit   'pac-resolver': [ '7.0.1' ],
25 silly audit   'parent-module': [ '1.0.1' ],
25 silly audit   'parse-cache-control': [ '1.0.1' ],
25 silly audit   parse5: [ '7.3.0' ],
25 silly audit   'parse5-htmlparser2-tree-adapter': [ '7.1.0' ],
25 silly audit   'parse5-parser-stream': [ '7.1.2' ],
25 silly audit   'path-exists': [ '4.0.0' ],
25 silly audit   'path-key': [ '3.1.1' ],
25 silly audit   'path-parse': [ '1.0.7' ],
25 silly audit   pathe: [ '2.0.3' ],
25 silly audit   pend: [ '1.2.0' ],
25 silly audit   'perfect-debounce': [ '1.0.0' ],
25 silly audit   'pg-int8': [ '1.0.1' ],
25 silly audit   'pg-protocol': [ '1.14.0' ],
25 silly audit   'pg-types': [ '2.2.0' ],
25 silly audit   picocolors: [ '1.1.1' ],
25 silly audit   picomatch: [ '2.3.2', '4.0.4' ],
25 silly audit   'pkg-types': [ '2.3.1' ],
25 silly audit   'possible-typed-array-names': [ '1.1.0' ],
25 silly audit   'postgres-array': [ '2.0.0' ],
25 silly audit   'postgres-bytea': [ '1.0.1' ],
25 silly audit   'postgres-date': [ '1.0.7' ],
25 silly audit   'postgres-interval': [ '1.2.0' ],
25 silly audit   'prelude-ls': [ '1.2.1' ],
25 silly audit   prisma: [ '6.19.3' ],
25 silly audit   progress: [ '2.0.3' ],
25 silly audit   'prop-types': [ '15.8.1' ],
25 silly audit   'proxy-agent': [ '6.5.0' ],
25 silly audit   'proxy-from-env': [ '1.1.0' ],
25 silly audit   pump: [ '3.0.4' ],
25 silly audit   punycode: [ '2.3.1' ],
25 silly audit   'puppeteer-core': [ '24.43.1' ],
25 silly audit   ws: [ '8.21.0', '7.5.11' ],
25 silly audit   'pure-rand': [ '6.1.0' ],
25 silly audit   'queue-microtask': [ '1.2.3' ],
25 silly audit   rc9: [ '2.1.2' ],
25 silly audit   react: [ '19.2.4' ],
25 silly audit   'react-dom': [ '19.2.4' ],
25 silly audit   'react-is': [ '16.13.1' ],
25 silly audit   readdirp: [ '4.1.2' ],
25 silly audit   'redis-errors': [ '1.2.0' ],
25 silly audit   'redis-parser': [ '3.0.0' ],
25 silly audit   'reflect.getprototypeof': [ '1.0.10' ],
25 silly audit   'regexp.prototype.flags': [ '1.5.4' ],
25 silly audit   'require-directory': [ '2.1.1' ],
25 silly audit   'require-in-the-middle': [ '7.5.2' ],
25 silly audit   resolve: [ '1.22.12', '2.0.0-next.7' ],
25 silly audit   'resolve-from': [ '4.0.0' ],
25 silly audit   'resolve-pkg-maps': [ '1.0.0' ],
25 silly audit   reusify: [ '1.1.0' ],
25 silly audit   'robots-parser': [ '3.0.1' ],
25 silly audit   'run-parallel': [ '1.2.0' ],
25 silly audit   'safe-array-concat': [ '1.1.4' ],
25 silly audit   'safe-push-apply': [ '1.0.0' ],
25 silly audit   'safe-regex-test': [ '1.1.0' ],
25 silly audit   'safer-buffer': [ '2.1.2' ],
25 silly audit   scheduler: [ '0.27.0' ],
25 silly audit   'set-function-length': [ '1.2.2' ],
25 silly audit   'set-function-name': [ '2.0.2' ],
25 silly audit   'set-proto': [ '1.0.0' ],
25 silly audit   sharp: [ '0.34.5' ],
25 silly audit   'shebang-command': [ '2.0.0' ],
25 silly audit   'shebang-regex': [ '3.0.0' ],
25 silly audit   shimmer: [ '1.2.1' ],
25 silly audit   'side-channel': [ '1.1.0' ],
25 silly audit   'side-channel-list': [ '1.0.1' ],
25 silly audit   'side-channel-map': [ '1.0.1' ],
25 silly audit   'side-channel-weakmap': [ '1.0.2' ],
25 silly audit   'smart-buffer': [ '4.2.0' ],
25 silly audit   socks: [ '2.8.9' ],
25 silly audit   'socks-proxy-agent': [ '8.0.5' ],
25 silly audit   'source-map': [ '0.6.1' ],
25 silly audit   'source-map-js': [ '1.2.1' ],
25 silly audit   'speedline-core': [ '1.4.3' ],
25 silly audit   'stable-hash': [ '0.0.5' ],
25 silly audit   'standard-as-callback': [ '2.1.0' ],
25 silly audit   'stop-iteration-iterator': [ '1.1.0' ],
25 silly audit   streamx: [ '2.26.0' ],
25 silly audit   'string-width': [ '4.2.3' ],
25 silly audit   'string.prototype.includes': [ '2.0.1' ],
25 silly audit   'string.prototype.matchall': [ '4.0.12' ],
25 silly audit   'string.prototype.repeat': [ '1.0.0' ],
25 silly audit   'string.prototype.trim': [ '1.2.10' ],
25 silly audit   'string.prototype.trimend': [ '1.0.9' ],
25 silly audit   'string.prototype.trimstart': [ '1.0.8' ],
25 silly audit   'strip-ansi': [ '6.0.1' ],
25 silly audit   'strip-bom': [ '3.0.0' ],
25 silly audit   'strip-json-comments': [ '3.1.1' ],
25 silly audit   'stubborn-fs': [ '2.0.0' ],
25 silly audit   'stubborn-utils': [ '1.0.2' ],
25 silly audit   'styled-jsx': [ '5.1.6' ],
25 silly audit   'supports-color': [ '7.2.0' ],
25 silly audit   'supports-preserve-symlinks-flag': [ '1.0.0' ],
25 silly audit   tailwindcss: [ '4.3.0' ],
25 silly audit   tapable: [ '2.3.3' ],
25 silly audit   'tar-fs': [ '3.1.2' ],
25 silly audit   'tar-stream': [ '3.2.0' ],
25 silly audit   teex: [ '1.0.1' ],
25 silly audit   'text-decoder': [ '1.2.7' ],
25 silly audit   'third-party-web': [ '0.27.0' ],
25 silly audit   tinyexec: [ '1.2.4' ],
25 silly audit   tinyglobby: [ '0.2.17' ],
25 silly audit   fdir: [ '6.5.0' ],
25 silly audit   'tldts-core': [ '7.4.2' ],
25 silly audit   'tldts-icann': [ '7.4.2' ],
25 silly audit   'to-regex-range': [ '5.0.1' ],
25 silly audit   'ts-api-utils': [ '2.5.0' ],
25 silly audit   'tsconfig-paths': [ '3.15.0' ],
25 silly audit   tslib: [ '2.8.1' ],
25 silly audit   tsx: [ '4.22.4' ],
25 silly audit   'type-check': [ '0.4.0' ],
25 silly audit   'type-fest': [ '4.41.0' ],
25 silly audit   'typed-array-buffer': [ '1.0.3' ],
25 silly audit   'typed-array-byte-length': [ '1.0.3' ],
25 silly audit   'typed-array-byte-offset': [ '1.0.4' ],
25 silly audit   'typed-array-length': [ '1.0.8' ],
25 silly audit   'typed-query-selector': [ '2.12.2' ],
25 silly audit   typescript: [ '5.9.3' ],
25 silly audit   'typescript-eslint': [ '8.60.1' ],
25 silly audit   'unbox-primitive': [ '1.1.0' ],
25 silly audit   undici: [ '7.27.1' ],
25 silly audit   'undici-types': [ '6.21.0' ],
25 silly audit   'unrs-resolver': [ '1.12.2' ],
25 silly audit   'update-browserslist-db': [ '1.2.3' ],
25 silly audit   'uri-js': [ '4.4.1' ],
25 silly audit   'webdriver-bidi-protocol': [ '0.4.1' ],
25 silly audit   'whatwg-encoding': [ '3.1.1' ],
25 silly audit   'whatwg-mimetype': [ '4.0.0' ],
25 silly audit   'when-exit': [ '2.1.5' ],
25 silly audit   which: [ '2.0.2' ],
25 silly audit   'which-boxed-primitive': [ '1.1.1' ],
25 silly audit   'which-builtin-type': [ '1.2.1' ],
25 silly audit   'which-collection': [ '1.0.2' ],
25 silly audit   'which-typed-array': [ '1.1.21' ],
25 silly audit   'word-wrap': [ '1.2.5' ],
25 silly audit   'wrap-ansi': [ '7.0.0' ],
25 silly audit   wrappy: [ '1.0.2' ],
25 silly audit   'xdg-basedir': [ '5.1.0' ],
25 silly audit   xtend: [ '4.0.2' ],
25 silly audit   y18n: [ '5.0.8' ],
25 silly audit   yallist: [ '3.1.1' ],
25 silly audit   yargs: [ '17.7.2' ],
25 silly audit   'yargs-parser': [ '21.1.1' ],
25 silly audit   yauzl: [ '2.10.0' ],
25 silly audit   'yocto-queue': [ '0.1.0' ],
25 silly audit   zod: [ '3.25.76' ],
25 silly audit   'zod-validation-error': [ '4.0.2' ],
25 silly audit   '@types/nodemailer': [ '6.4.23' ],
25 silly audit   nodemailer: [ '7.0.13' ]
25 silly audit }
26 http cache nodemailer@https://registry.npmjs.org/nodemailer/-/nodemailer-7.0.13.tgz 1ms (cache hit)
27 http cache @types/nodemailer@https://registry.npmjs.org/@types/nodemailer/-/nodemailer-6.4.23.tgz 0ms (cache hit)
28 silly tarball no local data for nodemailer@https://registry.npmjs.org/nodemailer/-/nodemailer-7.0.13.tgz. Extracting by manifest.
29 silly tarball no local data for @types/nodemailer@https://registry.npmjs.org/@types/nodemailer/-/nodemailer-6.4.23.tgz. Extracting by manifest.
30 http fetch GET 200 https://registry.npmjs.org/nodemailer/-/nodemailer-7.0.13.tgz 184ms (cache miss)
31 http fetch POST 200 https://registry.npmjs.org/-/npm/v1/security/advisories/bulk 321ms
32 silly audit report {
32 silly audit report   postcss: [
32 silly audit report     {
32 silly audit report       id: 1117015,
32 silly audit report       url: 'https://github.com/advisories/GHSA-qx2v-qp2m-jg93',
32 silly audit report       title: 'PostCSS has XSS via Unescaped </style> in its CSS Stringify Output',
32 silly audit report       severity: 'moderate',
32 silly audit report       vulnerable_versions: '<8.5.10',
32 silly audit report       cwe: [Array],
32 silly audit report       cvss: [Object]
32 silly audit report     }
32 silly audit report   ],
32 silly audit report   nodemailer: [
32 silly audit report     {
32 silly audit report       id: 1115470,
32 silly audit report       url: 'https://github.com/advisories/GHSA-c7w3-x93f-qmm8',
32 silly audit report       title: 'Nodemailer has SMTP command injection due to unsanitized `envelope.size` parameter',
32 silly audit report       severity: 'low',
32 silly audit report       vulnerable_versions: '<8.0.4',
32 silly audit report       cwe: [Array],
32 silly audit report       cvss: [Object]
32 silly audit report     },
32 silly audit report     {
32 silly audit report       id: 1116270,
32 silly audit report       url: 'https://github.com/advisories/GHSA-vvjj-xcjg-gr5g',
32 silly audit report       title: 'Nodemailer Vulnerable to SMTP Command Injection via CRLF in Transport name Option (EHLO/HELO) ',
32 silly audit report       severity: 'moderate',
32 silly audit report       vulnerable_versions: '<=8.0.4',
32 silly audit report       cwe: [Array],
32 silly audit report       cvss: [Object]
32 silly audit report     }
32 silly audit report   ]
32 silly audit report }
33 silly packumentCache corgi:https://registry.npmjs.org/postcss cache-miss
34 silly packumentCache corgi:https://registry.npmjs.org/nodemailer cache-miss
35 http cache https://registry.npmjs.org/postcss 8ms (cache hit)
36 silly packumentCache corgi:https://registry.npmjs.org/postcss set size:344717 disposed:false
37 http fetch GET 200 https://registry.npmjs.org/nodemailer 81ms (cache miss)
38 silly packumentCache corgi:https://registry.npmjs.org/nodemailer set size:undefined disposed:false
39 silly packumentCache corgi:https://registry.npmjs.org/next cache-miss
40 http cache https://registry.npmjs.org/next 40ms (cache hit)
41 silly packumentCache corgi:https://registry.npmjs.org/next set size:25137888 disposed:false
42 http fetch GET 200 https://registry.npmjs.org/@types/nodemailer/-/nodemailer-6.4.23.tgz 850ms (cache miss)
43 silly ADD node_modules/nodemailer
44 silly ADD node_modules/@types/nodemailer
45 verbose cwd /Users/ibama/smart-world-x
46 verbose os Darwin 25.3.0
47 verbose node v24.14.1
48 verbose npm  v11.11.0
49 verbose exit 0
50 info ok
