0 verbose cli /usr/local/bin/node /usr/local/bin/npm
1 info using npm@11.11.0
2 info using node@v24.14.1
3 silly config load:file:/usr/local/lib/node_modules/npm/npmrc
4 silly config load:file:/Users/ibama/smart-world-x/.npmrc
5 silly config load:file:/Users/ibama/.npmrc
6 silly config load:file:/usr/local/etc/npmrc
7 verbose title npm install cheerio@^1.1.0
8 verbose argv "install" "cheerio@^1.1.0" "--cache" "/Users/ibama/smart-world-x/.npm-cache"
9 verbose logfile logs-max:10 dir:/Users/ibama/smart-world-x/.npm-cache/_logs/2026-06-04T08_09_40_229Z-
10 verbose logfile /Users/ibama/smart-world-x/.npm-cache/_logs/2026-06-04T08_09_40_229Z-debug-0.log
11 silly logfile done cleaning log files
12 silly packumentCache heap:2348810240 maxSize:587202560 maxEntrySize:293601280
13 silly idealTree buildDeps
14 silly fetch manifest cheerio@^1.1.0
15 silly packumentCache full:https://registry.npmjs.org/cheerio cache-miss
16 http fetch GET 200 https://registry.npmjs.org/cheerio 139ms (cache miss)
17 silly packumentCache full:https://registry.npmjs.org/cheerio set size:undefined disposed:false
18 silly placeDep ROOT cheerio@1.2.0 OK for: smart-world-x@0.1.0 want: ^1.1.0
19 silly fetch manifest parse5@^7.3.0
20 silly packumentCache full:https://registry.npmjs.org/parse5 cache-miss
21 silly fetch manifest undici@^7.19.0
22 silly packumentCache full:https://registry.npmjs.org/undici cache-miss
23 silly fetch manifest domutils@^3.2.2
24 silly packumentCache full:https://registry.npmjs.org/domutils cache-miss
25 silly fetch manifest domhandler@^5.0.3
26 silly packumentCache full:https://registry.npmjs.org/domhandler cache-miss
27 silly fetch manifest htmlparser2@^10.1.0
28 silly packumentCache full:https://registry.npmjs.org/htmlparser2 cache-miss
29 silly fetch manifest cheerio-select@^2.1.0
30 silly packumentCache full:https://registry.npmjs.org/cheerio-select cache-miss
31 silly fetch manifest dom-serializer@^2.0.0
32 silly packumentCache full:https://registry.npmjs.org/dom-serializer cache-miss
33 http fetch GET 200 https://registry.npmjs.org/parse5 44ms (cache miss)
34 silly packumentCache full:https://registry.npmjs.org/parse5 set size:undefined disposed:false
35 silly fetch manifest whatwg-mimetype@^4.0.0
36 silly packumentCache full:https://registry.npmjs.org/whatwg-mimetype cache-miss
37 http fetch GET 200 https://registry.npmjs.org/dom-serializer 62ms (cache miss)
38 silly packumentCache full:https://registry.npmjs.org/dom-serializer set size:undefined disposed:false
39 silly fetch manifest encoding-sniffer@^0.2.1
40 silly packumentCache full:https://registry.npmjs.org/encoding-sniffer cache-miss
41 http fetch GET 200 https://registry.npmjs.org/whatwg-mimetype 40ms (cache miss)
42 silly packumentCache full:https://registry.npmjs.org/whatwg-mimetype set size:undefined disposed:false
43 silly fetch manifest parse5-parser-stream@^7.1.2
44 silly packumentCache full:https://registry.npmjs.org/parse5-parser-stream cache-miss
45 http fetch GET 200 https://registry.npmjs.org/htmlparser2 86ms (cache miss)
46 silly packumentCache full:https://registry.npmjs.org/htmlparser2 set size:undefined disposed:false
47 silly fetch manifest parse5-htmlparser2-tree-adapter@^7.1.0
48 silly packumentCache full:https://registry.npmjs.org/parse5-htmlparser2-tree-adapter cache-miss
49 http fetch GET 200 https://registry.npmjs.org/encoding-sniffer 40ms (cache miss)
50 silly packumentCache full:https://registry.npmjs.org/encoding-sniffer set size:undefined disposed:false
51 http fetch GET 200 https://registry.npmjs.org/undici 114ms (cache miss)
52 silly packumentCache full:https://registry.npmjs.org/undici set size:undefined disposed:false
53 http fetch GET 200 https://registry.npmjs.org/parse5-htmlparser2-tree-adapter 41ms (cache miss)
54 silly packumentCache full:https://registry.npmjs.org/parse5-htmlparser2-tree-adapter set size:undefined disposed:false
55 http fetch GET 200 https://registry.npmjs.org/domhandler 216ms (cache miss)
56 silly packumentCache full:https://registry.npmjs.org/domhandler set size:undefined disposed:false
57 http fetch GET 200 https://registry.npmjs.org/cheerio-select 388ms (cache miss)
58 silly packumentCache full:https://registry.npmjs.org/cheerio-select set size:undefined disposed:false
59 http fetch GET 200 https://registry.npmjs.org/domutils 397ms (cache miss)
60 silly packumentCache full:https://registry.npmjs.org/domutils set size:undefined disposed:false
61 http fetch GET 200 https://registry.npmjs.org/parse5-parser-stream 334ms (cache miss)
62 silly packumentCache full:https://registry.npmjs.org/parse5-parser-stream set size:undefined disposed:false
63 silly placeDep ROOT cheerio-select@2.1.0 OK for: cheerio@1.2.0 want: ^2.1.0
64 silly placeDep ROOT dom-serializer@2.0.0 OK for: cheerio@1.2.0 want: ^2.0.0
65 silly placeDep ROOT domhandler@5.0.3 OK for: cheerio@1.2.0 want: ^5.0.3
66 silly placeDep ROOT domutils@3.2.2 OK for: cheerio@1.2.0 want: ^3.2.2
67 silly placeDep ROOT encoding-sniffer@0.2.1 OK for: cheerio@1.2.0 want: ^0.2.1
68 silly placeDep ROOT htmlparser2@10.1.0 OK for: cheerio@1.2.0 want: ^10.1.0
69 silly placeDep ROOT parse5@7.3.0 OK for: cheerio@1.2.0 want: ^7.3.0
70 silly placeDep ROOT parse5-htmlparser2-tree-adapter@7.1.0 OK for: cheerio@1.2.0 want: ^7.1.0
71 silly placeDep ROOT parse5-parser-stream@7.1.2 OK for: cheerio@1.2.0 want: ^7.1.2
72 silly placeDep ROOT undici@7.27.1 OK for: cheerio@1.2.0 want: ^7.19.0
73 silly placeDep ROOT whatwg-mimetype@4.0.0 OK for: cheerio@1.2.0 want: ^4.0.0
74 silly fetch manifest boolbase@^1.0.0
75 silly packumentCache full:https://registry.npmjs.org/boolbase cache-miss
76 silly fetch manifest css-what@^6.1.0
77 silly packumentCache full:https://registry.npmjs.org/css-what cache-miss
78 silly fetch manifest domutils@^3.0.1
79 silly packumentCache full:https://registry.npmjs.org/domutils cache-miss
80 silly fetch manifest css-select@^5.1.0
81 silly packumentCache full:https://registry.npmjs.org/css-select cache-miss
82 silly fetch manifest domelementtype@^2.3.0
83 silly packumentCache full:https://registry.npmjs.org/domelementtype cache-miss
84 silly fetch manifest entities@^4.2.0
85 silly packumentCache full:https://registry.npmjs.org/entities cache-miss
86 silly fetch manifest domhandler@^5.0.2
87 silly packumentCache full:https://registry.npmjs.org/domhandler cache-miss
88 http cache https://registry.npmjs.org/domhandler 5ms (cache hit)
89 silly packumentCache full:https://registry.npmjs.org/domhandler set size:78187 disposed:false
90 silly fetch manifest domelementtype@^2.3.0
91 silly packumentCache full:https://registry.npmjs.org/domelementtype cache-miss
92 http cache https://registry.npmjs.org/domutils 9ms (cache hit)
93 silly packumentCache full:https://registry.npmjs.org/domutils set size:110068 disposed:false
94 silly fetch manifest domelementtype@^2.3.0
95 silly packumentCache full:https://registry.npmjs.org/domelementtype cache-miss
96 http fetch GET 200 https://registry.npmjs.org/boolbase 35ms (cache miss)
97 silly packumentCache full:https://registry.npmjs.org/boolbase set size:undefined disposed:false
98 silly fetch manifest domelementtype@^2.3.0
99 silly packumentCache full:https://registry.npmjs.org/domelementtype cache-miss
100 http fetch GET 200 https://registry.npmjs.org/css-what 36ms (cache miss)
101 silly packumentCache full:https://registry.npmjs.org/css-what set size:undefined disposed:false
102 silly fetch manifest iconv-lite@^0.6.3
103 silly packumentCache full:https://registry.npmjs.org/iconv-lite cache-miss
104 http fetch GET 200 https://registry.npmjs.org/entities 39ms (cache miss)
105 silly packumentCache full:https://registry.npmjs.org/entities set size:undefined disposed:false
106 silly fetch manifest whatwg-encoding@^3.1.1
107 silly packumentCache full:https://registry.npmjs.org/whatwg-encoding cache-miss
108 http fetch GET 200 https://registry.npmjs.org/domelementtype 42ms (cache miss)
109 silly packumentCache full:https://registry.npmjs.org/domelementtype set size:undefined disposed:false
110 silly fetch manifest entities@^7.0.1
111 silly packumentCache full:https://registry.npmjs.org/entities cache-miss
112 http fetch GET 200 https://registry.npmjs.org/domelementtype 35ms (cache miss)
113 silly packumentCache full:https://registry.npmjs.org/domelementtype set size:undefined disposed:false
114 silly fetch manifest entities@^6.0.0
115 silly packumentCache full:https://registry.npmjs.org/entities cache-miss
116 http fetch GET 200 https://registry.npmjs.org/css-select 43ms (cache miss)
117 silly packumentCache full:https://registry.npmjs.org/css-select set size:undefined disposed:false
118 http cache https://registry.npmjs.org/entities 3ms (cache hit)
119 silly packumentCache full:https://registry.npmjs.org/entities set size:101550 disposed:false
120 http cache https://registry.npmjs.org/entities 5ms (cache hit)
121 silly packumentCache full:https://registry.npmjs.org/entities set size:101550 disposed:false
122 silly packumentCache full:https://registry.npmjs.org/entities dispose
123 http fetch GET 200 https://registry.npmjs.org/domelementtype 43ms (cache miss)
124 silly packumentCache full:https://registry.npmjs.org/domelementtype set size:undefined disposed:false
125 http fetch GET 200 https://registry.npmjs.org/domelementtype 27ms (cache miss)
126 silly packumentCache full:https://registry.npmjs.org/domelementtype set size:undefined disposed:false
127 http fetch GET 200 https://registry.npmjs.org/whatwg-encoding 29ms (cache miss)
128 silly packumentCache full:https://registry.npmjs.org/whatwg-encoding set size:undefined disposed:false
129 http fetch GET 200 https://registry.npmjs.org/iconv-lite 32ms (cache miss)
130 silly packumentCache full:https://registry.npmjs.org/iconv-lite set size:undefined disposed:false
131 silly placeDep ROOT boolbase@1.0.0 OK for: cheerio-select@2.1.0 want: ^1.0.0
132 silly placeDep ROOT css-select@5.2.2 OK for: cheerio-select@2.1.0 want: ^5.1.0
133 silly placeDep ROOT css-what@6.2.2 OK for: cheerio-select@2.1.0 want: ^6.1.0
134 silly placeDep ROOT domelementtype@2.3.0 OK for: cheerio-select@2.1.0 want: ^2.3.0
135 silly fetch manifest nth-check@^2.0.1
136 silly packumentCache full:https://registry.npmjs.org/nth-check cache-miss
137 http fetch GET 200 https://registry.npmjs.org/nth-check 28ms (cache miss)
138 silly packumentCache full:https://registry.npmjs.org/nth-check set size:undefined disposed:false
139 silly placeDep ROOT nth-check@2.1.1 OK for: css-select@5.2.2 want: ^2.0.1
140 silly placeDep ROOT entities@4.5.0 OK for: dom-serializer@2.0.0 want: ^4.2.0
141 silly placeDep ROOT iconv-lite@0.6.3 OK for: encoding-sniffer@0.2.1 want: ^0.6.3
142 silly placeDep ROOT whatwg-encoding@3.1.1 OK for: encoding-sniffer@0.2.1 want: ^3.1.1
143 silly fetch manifest safer-buffer@>= 2.1.2 < 3.0.0
144 silly packumentCache full:https://registry.npmjs.org/safer-buffer cache-miss
145 http fetch GET 200 https://registry.npmjs.org/safer-buffer 30ms (cache miss)
146 silly packumentCache full:https://registry.npmjs.org/safer-buffer set size:undefined disposed:false
147 silly placeDep node_modules/htmlparser2 entities@7.0.1 OK for: htmlparser2@10.1.0 want: ^7.0.1
148 silly placeDep ROOT safer-buffer@2.1.2 OK for: iconv-lite@0.6.3 want: >= 2.1.2 < 3.0.0
149 silly placeDep node_modules/parse5 entities@6.0.1 OK for: parse5@7.3.0 want: ^6.0.0
150 silly reify moves {}
151 silly audit bulk request {
151 silly audit   '@alloc/quick-lru': [ '5.2.0' ],
151 silly audit   '@babel/code-frame': [ '7.29.7' ],
151 silly audit   '@babel/compat-data': [ '7.29.7' ],
151 silly audit   '@babel/core': [ '7.29.7' ],
151 silly audit   '@babel/generator': [ '7.29.7' ],
151 silly audit   '@babel/helper-compilation-targets': [ '7.29.7' ],
151 silly audit   '@babel/helper-globals': [ '7.29.7' ],
151 silly audit   '@babel/helper-module-imports': [ '7.29.7' ],
151 silly audit   '@babel/helper-module-transforms': [ '7.29.7' ],
151 silly audit   '@babel/helper-string-parser': [ '7.29.7' ],
151 silly audit   '@babel/helper-validator-identifier': [ '7.29.7' ],
151 silly audit   '@babel/helper-validator-option': [ '7.29.7' ],
151 silly audit   '@babel/helpers': [ '7.29.7' ],
151 silly audit   '@babel/parser': [ '7.29.7' ],
151 silly audit   '@babel/template': [ '7.29.7' ],
151 silly audit   '@babel/traverse': [ '7.29.7' ],
151 silly audit   '@babel/types': [ '7.29.7' ],
151 silly audit   '@emnapi/core': [ '1.10.0' ],
151 silly audit   '@emnapi/runtime': [ '1.10.0' ],
151 silly audit   '@emnapi/wasi-threads': [ '1.2.1' ],
151 silly audit   '@esbuild/aix-ppc64': [ '0.28.0' ],
151 silly audit   '@esbuild/android-arm': [ '0.28.0' ],
151 silly audit   '@esbuild/android-arm64': [ '0.28.0' ],
151 silly audit   '@esbuild/android-x64': [ '0.28.0' ],
151 silly audit   '@esbuild/darwin-arm64': [ '0.28.0' ],
151 silly audit   '@esbuild/darwin-x64': [ '0.28.0' ],
151 silly audit   '@esbuild/freebsd-arm64': [ '0.28.0' ],
151 silly audit   '@esbuild/freebsd-x64': [ '0.28.0' ],
151 silly audit   '@esbuild/linux-arm': [ '0.28.0' ],
151 silly audit   '@esbuild/linux-arm64': [ '0.28.0' ],
151 silly audit   '@esbuild/linux-ia32': [ '0.28.0' ],
151 silly audit   '@esbuild/linux-loong64': [ '0.28.0' ],
151 silly audit   '@esbuild/linux-mips64el': [ '0.28.0' ],
151 silly audit   '@esbuild/linux-ppc64': [ '0.28.0' ],
151 silly audit   '@esbuild/linux-riscv64': [ '0.28.0' ],
151 silly audit   '@esbuild/linux-s390x': [ '0.28.0' ],
151 silly audit   '@esbuild/linux-x64': [ '0.28.0' ],
151 silly audit   '@esbuild/netbsd-arm64': [ '0.28.0' ],
151 silly audit   '@esbuild/netbsd-x64': [ '0.28.0' ],
151 silly audit   '@esbuild/openbsd-arm64': [ '0.28.0' ],
151 silly audit   '@esbuild/openbsd-x64': [ '0.28.0' ],
151 silly audit   '@esbuild/openharmony-arm64': [ '0.28.0' ],
151 silly audit   '@esbuild/sunos-x64': [ '0.28.0' ],
151 silly audit   '@esbuild/win32-arm64': [ '0.28.0' ],
151 silly audit   '@esbuild/win32-ia32': [ '0.28.0' ],
151 silly audit   '@esbuild/win32-x64': [ '0.28.0' ],
151 silly audit   '@eslint-community/eslint-utils': [ '4.9.1' ],
151 silly audit   'eslint-visitor-keys': [ '3.4.3', '5.0.1', '4.2.1' ],
151 silly audit   '@eslint-community/regexpp': [ '4.12.2' ],
151 silly audit   '@eslint/config-array': [ '0.21.2' ],
151 silly audit   '@eslint/config-helpers': [ '0.4.2' ],
151 silly audit   '@eslint/core': [ '0.17.0' ],
151 silly audit   '@eslint/eslintrc': [ '3.3.5' ],
151 silly audit   '@eslint/js': [ '9.39.4' ],
151 silly audit   '@eslint/object-schema': [ '2.1.7' ],
151 silly audit   '@eslint/plugin-kit': [ '0.4.1' ],
151 silly audit   '@formatjs/ecma402-abstract': [ '2.3.6' ],
151 silly audit   '@formatjs/fast-memoize': [ '2.2.7' ],
151 silly audit   '@formatjs/icu-messageformat-parser': [ '2.11.4' ],
151 silly audit   '@formatjs/icu-skeleton-parser': [ '1.8.16' ],
151 silly audit   '@formatjs/intl-localematcher': [ '0.6.2' ],
151 silly audit   '@humanfs/core': [ '0.19.2' ],
151 silly audit   '@humanfs/node': [ '0.16.8' ],
151 silly audit   '@humanfs/types': [ '0.15.0' ],
151 silly audit   '@humanwhocodes/module-importer': [ '1.0.1' ],
151 silly audit   '@humanwhocodes/retry': [ '0.4.3' ],
151 silly audit   '@img/colour': [ '1.1.0' ],
151 silly audit   '@img/sharp-darwin-arm64': [ '0.34.5' ],
151 silly audit   '@img/sharp-darwin-x64': [ '0.34.5' ],
151 silly audit   '@img/sharp-libvips-darwin-arm64': [ '1.2.4' ],
151 silly audit   '@img/sharp-libvips-darwin-x64': [ '1.2.4' ],
151 silly audit   '@img/sharp-libvips-linux-arm': [ '1.2.4' ],
151 silly audit   '@img/sharp-libvips-linux-arm64': [ '1.2.4' ],
151 silly audit   '@img/sharp-libvips-linux-ppc64': [ '1.2.4' ],
151 silly audit   '@img/sharp-libvips-linux-riscv64': [ '1.2.4' ],
151 silly audit   '@img/sharp-libvips-linux-s390x': [ '1.2.4' ],
151 silly audit   '@img/sharp-libvips-linux-x64': [ '1.2.4' ],
151 silly audit   '@img/sharp-libvips-linuxmusl-arm64': [ '1.2.4' ],
151 silly audit   '@img/sharp-libvips-linuxmusl-x64': [ '1.2.4' ],
151 silly audit   '@img/sharp-linux-arm': [ '0.34.5' ],
151 silly audit   '@img/sharp-linux-arm64': [ '0.34.5' ],
151 silly audit   '@img/sharp-linux-ppc64': [ '0.34.5' ],
151 silly audit   '@img/sharp-linux-riscv64': [ '0.34.5' ],
151 silly audit   '@img/sharp-linux-s390x': [ '0.34.5' ],
151 silly audit   '@img/sharp-linux-x64': [ '0.34.5' ],
151 silly audit   '@img/sharp-linuxmusl-arm64': [ '0.34.5' ],
151 silly audit   '@img/sharp-linuxmusl-x64': [ '0.34.5' ],
151 silly audit   '@img/sharp-wasm32': [ '0.34.5' ],
151 silly audit   '@img/sharp-win32-arm64': [ '0.34.5' ],
151 silly audit   '@img/sharp-win32-ia32': [ '0.34.5' ],
151 silly audit   '@img/sharp-win32-x64': [ '0.34.5' ],
151 silly audit   '@jridgewell/gen-mapping': [ '0.3.13' ],
151 silly audit   '@jridgewell/remapping': [ '2.3.5' ],
151 silly audit   '@jridgewell/resolve-uri': [ '3.1.2' ],
151 silly audit   '@jridgewell/sourcemap-codec': [ '1.5.5' ],
151 silly audit   '@jridgewell/trace-mapping': [ '0.3.31' ],
151 silly audit   '@msgpackr-extract/msgpackr-extract-darwin-arm64': [ '3.0.4' ],
151 silly audit   '@msgpackr-extract/msgpackr-extract-darwin-x64': [ '3.0.4' ],
151 silly audit   '@msgpackr-extract/msgpackr-extract-linux-arm': [ '3.0.4' ],
151 silly audit   '@msgpackr-extract/msgpackr-extract-linux-arm64': [ '3.0.4' ],
151 silly audit   '@msgpackr-extract/msgpackr-extract-linux-x64': [ '3.0.4' ],
151 silly audit   '@msgpackr-extract/msgpackr-extract-win32-x64': [ '3.0.4' ],
151 silly audit   '@napi-rs/wasm-runtime': [ '1.1.4' ],
151 silly audit   '@next/env': [ '16.2.7' ],
151 silly audit   '@next/eslint-plugin-next': [ '16.2.7' ],
151 silly audit   '@next/swc-darwin-arm64': [ '16.2.7' ],
151 silly audit   '@next/swc-darwin-x64': [ '16.2.7' ],
151 silly audit   '@next/swc-linux-arm64-gnu': [ '16.2.7' ],
151 silly audit   '@next/swc-linux-arm64-musl': [ '16.2.7' ],
151 silly audit   '@next/swc-linux-x64-gnu': [ '16.2.7' ],
151 silly audit   '@next/swc-linux-x64-musl': [ '16.2.7' ],
151 silly audit   '@next/swc-win32-arm64-msvc': [ '16.2.7' ],
151 silly audit   '@next/swc-win32-x64-msvc': [ '16.2.7' ],
151 silly audit   '@nodelib/fs.scandir': [ '2.1.5' ],
151 silly audit   '@nodelib/fs.stat': [ '2.0.5' ],
151 silly audit   '@nodelib/fs.walk': [ '1.2.8' ],
151 silly audit   '@nolyfill/is-core-module': [ '1.0.39' ],
151 silly audit   '@opentelemetry/api': [ '1.9.1' ],
151 silly audit   '@opentelemetry/api-logs': [ '0.57.2' ],
151 silly audit   '@opentelemetry/context-async-hooks': [ '1.30.1' ],
151 silly audit   '@opentelemetry/core': [ '1.30.1' ],
151 silly audit   '@opentelemetry/semantic-conventions': [ '1.28.0', '1.41.1' ],
151 silly audit   '@opentelemetry/instrumentation': [ '0.57.2' ],
151 silly audit   '@opentelemetry/instrumentation-amqplib': [ '0.46.1' ],
151 silly audit   '@opentelemetry/instrumentation-connect': [ '0.43.1' ],
151 silly audit   '@opentelemetry/instrumentation-dataloader': [ '0.16.1' ],
151 silly audit   '@opentelemetry/instrumentation-express': [ '0.47.1' ],
151 silly audit   '@opentelemetry/instrumentation-fs': [ '0.19.1' ],
151 silly audit   '@opentelemetry/instrumentation-generic-pool': [ '0.43.1' ],
151 silly audit   '@opentelemetry/instrumentation-graphql': [ '0.47.1' ],
151 silly audit   '@opentelemetry/instrumentation-hapi': [ '0.45.2' ],
151 silly audit   '@opentelemetry/instrumentation-http': [ '0.57.2' ],
151 silly audit   semver: [ '7.8.1', '7.8.0', '6.3.1' ],
151 silly audit   '@opentelemetry/instrumentation-ioredis': [ '0.47.1' ],
151 silly audit   '@opentelemetry/instrumentation-kafkajs': [ '0.7.1' ],
151 silly audit   '@opentelemetry/instrumentation-knex': [ '0.44.1' ],
151 silly audit   '@opentelemetry/instrumentation-koa': [ '0.47.1' ],
151 silly audit   '@opentelemetry/instrumentation-lru-memoizer': [ '0.44.1' ],
151 silly audit   '@opentelemetry/instrumentation-mongodb': [ '0.52.0' ],
151 silly audit   '@opentelemetry/instrumentation-mongoose': [ '0.46.1' ],
151 silly audit   '@opentelemetry/instrumentation-mysql': [ '0.45.1' ],
151 silly audit   '@opentelemetry/instrumentation-mysql2': [ '0.45.2' ],
151 silly audit   '@opentelemetry/instrumentation-pg': [ '0.51.1' ],
151 silly audit   '@opentelemetry/instrumentation-redis-4': [ '0.46.1' ],
151 silly audit   '@opentelemetry/instrumentation-tedious': [ '0.18.1' ],
151 silly audit   '@opentelemetry/instrumentation-undici': [ '0.10.1' ],
151 silly audit   '@opentelemetry/redis-common': [ '0.36.2' ],
151 silly audit   '@opentelemetry/resources': [ '1.30.1' ],
151 silly audit   '@opentelemetry/sdk-trace-base': [ '1.30.1' ],
151 silly audit   '@opentelemetry/sql-common': [ '0.40.1' ],
151 silly audit   '@paulirish/trace_engine': [ '0.0.59' ],
151 silly audit   '@prisma/client': [ '6.19.3' ],
151 silly audit   '@prisma/config': [ '6.19.3' ],
151 silly audit   '@prisma/debug': [ '6.19.3' ],
151 silly audit   '@prisma/engines': [ '6.19.3' ],
151 silly audit   '@prisma/engines-version': [ '7.1.1-3.c2990dca591cba766e3b7ef5d9e8a84796e47ab7' ],
151 silly audit   '@prisma/fetch-engine': [ '6.19.3' ],
151 silly audit   '@prisma/get-platform': [ '6.19.3' ],
151 silly audit   '@prisma/instrumentation': [ '6.11.1' ],
151 silly audit   '@puppeteer/browsers': [ '2.13.2' ],
151 silly audit   '@rtsao/scc': [ '1.1.0' ],
151 silly audit   '@sentry/core': [ '9.47.1' ],
151 silly audit   '@sentry/node': [ '9.47.1' ],
151 silly audit   '@sentry/node-core': [ '9.47.1' ],
151 silly audit   'brace-expansion': [ '2.1.1', '5.0.6', '1.1.15' ],
151 silly audit   minimatch: [ '9.0.9', '10.2.5', '3.1.5' ],
151 silly audit   '@sentry/opentelemetry': [ '9.47.1' ],
151 silly audit   '@standard-schema/spec': [ '1.1.0' ],
151 silly audit   '@swc/helpers': [ '0.5.15' ],
151 silly audit   '@tailwindcss/node': [ '4.3.0' ],
151 silly audit   '@tailwindcss/oxide': [ '4.3.0' ],
151 silly audit   '@tailwindcss/oxide-android-arm64': [ '4.3.0' ],
151 silly audit   '@tailwindcss/oxide-darwin-arm64': [ '4.3.0' ],
151 silly audit   '@tailwindcss/oxide-darwin-x64': [ '4.3.0' ],
151 silly audit   '@tailwindcss/oxide-freebsd-x64': [ '4.3.0' ],
151 silly audit   '@tailwindcss/oxide-linux-arm-gnueabihf': [ '4.3.0' ],
151 silly audit   '@tailwindcss/oxide-linux-arm64-gnu': [ '4.3.0' ],
151 silly audit   '@tailwindcss/oxide-linux-arm64-musl': [ '4.3.0' ],
151 silly audit   '@tailwindcss/oxide-linux-x64-gnu': [ '4.3.0' ],
151 silly audit   '@tailwindcss/oxide-linux-x64-musl': [ '4.3.0' ],
151 silly audit   '@tailwindcss/oxide-wasm32-wasi': [ '4.3.0' ],
151 silly audit   '@tailwindcss/oxide-win32-arm64-msvc': [ '4.3.0' ],
151 silly audit   '@tailwindcss/oxide-win32-x64-msvc': [ '4.3.0' ],
151 silly audit   '@tailwindcss/postcss': [ '4.3.0' ],
151 silly audit   '@tootallnate/quickjs-emscripten': [ '0.23.0' ],
151 silly audit   '@tybys/wasm-util': [ '0.10.2' ],
151 silly audit   '@types/connect': [ '3.4.38' ],
151 silly audit   '@types/estree': [ '1.0.9' ],
151 silly audit   '@types/json-schema': [ '7.0.15' ],
151 silly audit   '@types/json5': [ '0.0.29' ],
151 silly audit   '@types/mysql': [ '2.15.26' ],
151 silly audit   '@types/node': [ '20.19.41' ],
151 silly audit   '@types/pg': [ '8.6.1' ],
151 silly audit   '@types/pg-pool': [ '2.0.6' ],
151 silly audit   '@types/react': [ '19.2.16' ],
151 silly audit   '@types/react-dom': [ '19.2.3' ],
151 silly audit   '@types/shimmer': [ '1.2.0' ],
151 silly audit   '@types/tedious': [ '4.0.14' ],
151 silly audit   '@types/yauzl': [ '2.10.3' ],
151 silly audit   '@typescript-eslint/eslint-plugin': [ '8.60.1' ],
151 silly audit   ignore: [ '7.0.5', '5.3.2' ],
151 silly audit   '@typescript-eslint/parser': [ '8.60.1' ],
151 silly audit   '@typescript-eslint/project-service': [ '8.60.1' ],
151 silly audit   '@typescript-eslint/scope-manager': [ '8.60.1' ],
151 silly audit   '@typescript-eslint/tsconfig-utils': [ '8.60.1' ],
151 silly audit   '@typescript-eslint/type-utils': [ '8.60.1' ],
151 silly audit   '@typescript-eslint/types': [ '8.60.1' ],
151 silly audit   '@typescript-eslint/typescript-estree': [ '8.60.1' ],
151 silly audit   'balanced-match': [ '4.0.4', '1.0.2' ],
151 silly audit   '@typescript-eslint/utils': [ '8.60.1' ],
151 silly audit   '@typescript-eslint/visitor-keys': [ '8.60.1' ],
151 silly audit   '@unrs/resolver-binding-android-arm-eabi': [ '1.12.2' ],
151 silly audit   '@unrs/resolver-binding-android-arm64': [ '1.12.2' ],
151 silly audit   '@unrs/resolver-binding-darwin-arm64': [ '1.12.2' ],
151 silly audit   '@unrs/resolver-binding-darwin-x64': [ '1.12.2' ],
151 silly audit   '@unrs/resolver-binding-freebsd-x64': [ '1.12.2' ],
151 silly audit   '@unrs/resolver-binding-linux-arm-gnueabihf': [ '1.12.2' ],
151 silly audit   '@unrs/resolver-binding-linux-arm-musleabihf': [ '1.12.2' ],
151 silly audit   '@unrs/resolver-binding-linux-arm64-gnu': [ '1.12.2' ],
151 silly audit   '@unrs/resolver-binding-linux-arm64-musl': [ '1.12.2' ],
151 silly audit   '@unrs/resolver-binding-linux-loong64-gnu': [ '1.12.2' ],
151 silly audit   '@unrs/resolver-binding-linux-loong64-musl': [ '1.12.2' ],
151 silly audit   '@unrs/resolver-binding-linux-ppc64-gnu': [ '1.12.2' ],
151 silly audit   '@unrs/resolver-binding-linux-riscv64-gnu': [ '1.12.2' ],
151 silly audit   '@unrs/resolver-binding-linux-riscv64-musl': [ '1.12.2' ],
151 silly audit   '@unrs/resolver-binding-linux-s390x-gnu': [ '1.12.2' ],
151 silly audit   '@unrs/resolver-binding-linux-x64-gnu': [ '1.12.2' ],
151 silly audit   '@unrs/resolver-binding-linux-x64-musl': [ '1.12.2' ],
151 silly audit   '@unrs/resolver-binding-openharmony-arm64': [ '1.12.2' ],
151 silly audit   '@unrs/resolver-binding-wasm32-wasi': [ '1.12.2' ],
151 silly audit   '@unrs/resolver-binding-win32-arm64-msvc': [ '1.12.2' ],
151 silly audit   '@unrs/resolver-binding-win32-ia32-msvc': [ '1.12.2' ],
151 silly audit   '@unrs/resolver-binding-win32-x64-msvc': [ '1.12.2' ],
151 silly audit   acorn: [ '8.16.0' ],
151 silly audit   'acorn-import-attributes': [ '1.9.5' ],
151 silly audit   'acorn-jsx': [ '5.3.2' ],
151 silly audit   'agent-base': [ '7.1.4' ],
151 silly audit   ajv: [ '6.15.0' ],
151 silly audit   'ansi-colors': [ '4.1.3' ],
151 silly audit   'ansi-regex': [ '5.0.1' ],
151 silly audit   'ansi-styles': [ '4.3.0' ],
151 silly audit   argparse: [ '2.0.1' ],
151 silly audit   'aria-query': [ '5.3.2' ],
151 silly audit   'array-buffer-byte-length': [ '1.0.2' ],
151 silly audit   'array-includes': [ '3.1.9' ],
151 silly audit   'array.prototype.findlast': [ '1.2.5' ],
151 silly audit   'array.prototype.findlastindex': [ '1.2.6' ],
151 silly audit   'array.prototype.flat': [ '1.3.3' ],
151 silly audit   'array.prototype.flatmap': [ '1.3.3' ],
151 silly audit   'array.prototype.tosorted': [ '1.1.4' ],
151 silly audit   'arraybuffer.prototype.slice': [ '1.0.4' ],
151 silly audit   'ast-types': [ '0.13.4' ],
151 silly audit   'ast-types-flow': [ '0.0.8' ],
151 silly audit   'async-function': [ '1.0.0' ],
151 silly audit   atomically: [ '2.1.1' ],
151 silly audit   'available-typed-arrays': [ '1.0.7' ],
151 silly audit   'axe-core': [ '4.12.0' ],
151 silly audit   'axobject-query': [ '4.1.0' ],
151 silly audit   b4a: [ '1.8.1' ],
151 silly audit   'bare-events': [ '2.9.1' ],
151 silly audit   'bare-fs': [ '4.7.2' ],
151 silly audit   'bare-os': [ '3.9.1' ],
151 silly audit   'bare-path': [ '3.0.1' ],
151 silly audit   'bare-stream': [ '2.13.1' ],
151 silly audit   'bare-url': [ '2.4.3' ],
151 silly audit   'baseline-browser-mapping': [ '2.10.33' ],
151 silly audit   'basic-ftp': [ '5.3.1' ],
151 silly audit   braces: [ '3.0.3' ],
151 silly audit   browserslist: [ '4.28.2' ],
151 silly audit   'buffer-crc32': [ '0.2.13' ],
151 silly audit   bullmq: [ '5.78.0' ],
151 silly audit   '@ioredis/commands': [ '1.5.1' ],
151 silly audit   ioredis: [ '5.10.1' ],
151 silly audit   c12: [ '3.1.0' ],
151 silly audit   'call-bind': [ '1.0.9' ],
151 silly audit   'call-bind-apply-helpers': [ '1.0.2' ],
151 silly audit   'call-bound': [ '1.0.4' ],
151 silly audit   callsites: [ '3.1.0' ],
151 silly audit   'caniuse-lite': [ '1.0.30001793' ],
151 silly audit   chalk: [ '4.1.2' ],
151 silly audit   chokidar: [ '4.0.3' ],
151 silly audit   'chrome-launcher': [ '1.2.1' ],
151 silly audit   'chromium-bidi': [ '14.0.0' ],
151 silly audit   citty: [ '0.1.6', '0.2.2' ],
151 silly audit   'cjs-module-lexer': [ '1.4.3' ],
151 silly audit   'client-only': [ '0.0.1' ],
151 silly audit   cliui: [ '8.0.1' ],
151 silly audit   'cluster-key-slot': [ '1.1.1' ],
151 silly audit   'color-convert': [ '2.0.1' ],
151 silly audit   'color-name': [ '1.1.4' ],
151 silly audit   'concat-map': [ '0.0.1' ],
151 silly audit   confbox: [ '0.2.4' ],
151 silly audit   configstore: [ '7.1.0' ],
151 silly audit   consola: [ '3.4.2' ],
151 silly audit   'convert-source-map': [ '2.0.0' ],
151 silly audit   'cron-parser': [ '4.9.0' ],
151 silly audit   'cross-spawn': [ '7.0.6' ],
151 silly audit   csp_evaluator: [ '1.1.5' ],
151 silly audit   csstype: [ '3.2.3' ],
151 silly audit   'damerau-levenshtein': [ '1.0.8' ],
151 silly audit   'data-uri-to-buffer': [ '6.0.2' ],
151 silly audit   'data-view-buffer': [ '1.0.2' ],
151 silly audit   'data-view-byte-length': [ '1.0.2' ],
151 silly audit   'data-view-byte-offset': [ '1.0.1' ],
151 silly audit   debug: [ '4.4.3', '3.2.7' ],
151 silly audit   'decimal.js': [ '10.6.0' ],
151 silly audit   'deep-is': [ '0.1.4' ],
151 silly audit   'deepmerge-ts': [ '7.1.5' ],
151 silly audit   'define-data-property': [ '1.1.4' ],
151 silly audit   'define-lazy-prop': [ '2.0.0' ],
151 silly audit   'define-properties': [ '1.2.1' ],
151 silly audit   defu: [ '6.1.7' ],
151 silly audit   degenerator: [ '5.0.1' ],
151 silly audit   denque: [ '2.1.0' ],
151 silly audit   destr: [ '2.0.5' ],
151 silly audit   'detect-libc': [ '2.1.2' ],
151 silly audit   'devtools-protocol': [ '0.0.1507524', '0.0.1608973' ],
151 silly audit   doctrine: [ '2.1.0' ],
151 silly audit   'dot-prop': [ '9.0.0' ],
151 silly audit   dotenv: [ '16.6.1' ],
151 silly audit   'dunder-proto': [ '1.0.1' ],
151 silly audit   effect: [ '3.21.0' ],
151 silly audit   'electron-to-chromium': [ '1.5.367' ],
151 silly audit   'emoji-regex': [ '9.2.2', '8.0.0' ],
151 silly audit   empathic: [ '2.0.0' ],
151 silly audit   'end-of-stream': [ '1.4.5' ],
151 silly audit   'enhanced-resolve': [ '5.22.2' ],
151 silly audit   enquirer: [ '2.4.1' ],
151 silly audit   'es-abstract': [ '1.24.2' ],
151 silly audit   'es-define-property': [ '1.0.1' ],
151 silly audit   'es-errors': [ '1.3.0' ],
151 silly audit   'es-iterator-helpers': [ '1.3.2' ],
151 silly audit   'es-object-atoms': [ '1.1.2' ],
151 silly audit   'es-set-tostringtag': [ '2.1.0' ],
151 silly audit   'es-shim-unscopables': [ '1.1.0' ],
151 silly audit   'es-to-primitive': [ '1.3.0' ],
151 silly audit   esbuild: [ '0.28.0' ],
151 silly audit   escalade: [ '3.2.0' ],
151 silly audit   'escape-string-regexp': [ '4.0.0' ],
151 silly audit   escodegen: [ '2.1.0' ],
151 silly audit   eslint: [ '9.39.4' ],
151 silly audit   'eslint-config-next': [ '16.2.7' ],
151 silly audit   globals: [ '16.4.0', '14.0.0' ],
151 silly audit   'eslint-import-resolver-node': [ '0.3.10' ],
151 silly audit   'eslint-import-resolver-typescript': [ '3.10.1' ],
151 silly audit   'eslint-module-utils': [ '2.13.0' ],
151 silly audit   'eslint-plugin-import': [ '2.32.0' ],
151 silly audit   'eslint-plugin-jsx-a11y': [ '6.10.2' ],
151 silly audit   'eslint-plugin-react': [ '7.37.5' ],
151 silly audit   'eslint-plugin-react-hooks': [ '7.1.1' ],
151 silly audit   'eslint-scope': [ '8.4.0' ],
151 silly audit   espree: [ '10.4.0' ],
151 silly audit   esprima: [ '4.0.1' ],
151 silly audit   esquery: [ '1.7.0' ],
151 silly audit   esrecurse: [ '4.3.0' ],
151 silly audit   estraverse: [ '5.3.0' ],
151 silly audit   esutils: [ '2.0.3' ],
151 silly audit   'events-universal': [ '1.0.1' ],
151 silly audit   exsolve: [ '1.0.8' ],
151 silly audit   'extract-zip': [ '2.0.1' ],
151 silly audit   'fast-check': [ '3.23.2' ],
151 silly audit   'fast-deep-equal': [ '3.1.3' ],
151 silly audit   'fast-fifo': [ '1.3.2' ],
151 silly audit   'fast-glob': [ '3.3.1' ],
151 silly audit   'glob-parent': [ '5.1.2', '6.0.2' ],
151 silly audit   'fast-json-stable-stringify': [ '2.1.0' ],
151 silly audit   'fast-levenshtein': [ '2.0.6' ],
151 silly audit   fastq: [ '1.20.1' ],
151 silly audit   'fd-slicer': [ '1.1.0' ],
151 silly audit   'file-entry-cache': [ '8.0.0' ],
151 silly audit   'fill-range': [ '7.1.1' ],
151 silly audit   'find-up': [ '5.0.0' ],
151 silly audit   'flat-cache': [ '4.0.1' ],
151 silly audit   flatted: [ '3.4.2' ],
151 silly audit   'for-each': [ '0.3.5' ],
151 silly audit   'forwarded-parse': [ '2.1.2' ],
151 silly audit   fsevents: [ '2.3.3' ],
151 silly audit   'function-bind': [ '1.1.2' ],
151 silly audit   'function.prototype.name': [ '1.1.8' ],
151 silly audit   'functions-have-names': [ '1.2.3' ],
151 silly audit   'generator-function': [ '2.0.1' ],
151 silly audit   gensync: [ '1.0.0-beta.2' ],
151 silly audit   'get-caller-file': [ '2.0.5' ],
151 silly audit   'get-intrinsic': [ '1.3.0' ],
151 silly audit   'get-proto': [ '1.0.1' ],
151 silly audit   'get-stream': [ '5.2.0' ],
151 silly audit   'get-symbol-description': [ '1.1.0' ],
151 silly audit   'get-tsconfig': [ '4.14.0' ],
151 silly audit   'get-uri': [ '6.0.5' ],
151 silly audit   giget: [ '2.0.0' ],
151 silly audit   globalthis: [ '1.0.4' ],
151 silly audit   gopd: [ '1.2.0' ],
151 silly audit   'graceful-fs': [ '4.2.11' ],
151 silly audit   'has-bigints': [ '1.1.0' ],
151 silly audit   'has-flag': [ '4.0.0' ],
151 silly audit   'has-property-descriptors': [ '1.0.2' ],
151 silly audit   'has-proto': [ '1.2.0' ],
151 silly audit   'has-symbols': [ '1.1.0' ],
151 silly audit   'has-tostringtag': [ '1.0.2' ],
151 silly audit   hasown: [ '2.0.4' ],
151 silly audit   'hermes-estree': [ '0.25.1' ],
151 silly audit   'hermes-parser': [ '0.25.1' ],
151 silly audit   'http-link-header': [ '1.1.3' ],
151 silly audit   'http-proxy-agent': [ '7.0.2' ],
151 silly audit   'https-proxy-agent': [ '7.0.6' ],
151 silly audit   'image-ssim': [ '0.2.0' ],
151 silly audit   'import-fresh': [ '3.3.1' ],
151 silly audit   'import-in-the-middle': [ '1.15.0' ],
151 silly audit   imurmurhash: [ '0.1.4' ],
151 silly audit   'internal-slot': [ '1.1.0' ],
151 silly audit   'intl-messageformat': [ '10.7.18' ],
151 silly audit   'ip-address': [ '10.2.0' ],
151 silly audit   'is-array-buffer': [ '3.0.5' ],
151 silly audit   'is-async-function': [ '2.1.1' ],
151 silly audit   'is-bigint': [ '1.1.0' ],
151 silly audit   'is-boolean-object': [ '1.2.2' ],
151 silly audit   'is-bun-module': [ '2.0.0' ],
151 silly audit   'is-callable': [ '1.2.7' ],
151 silly audit   'is-core-module': [ '2.16.2' ],
151 silly audit   'is-data-view': [ '1.0.2' ],
151 silly audit   'is-date-object': [ '1.1.0' ],
151 silly audit   'is-docker': [ '2.2.1' ],
151 silly audit   'is-extglob': [ '2.1.1' ],
151 silly audit   'is-finalizationregistry': [ '1.1.1' ],
151 silly audit   'is-fullwidth-code-point': [ '3.0.0' ],
151 silly audit   'is-generator-function': [ '1.1.2' ],
151 silly audit   'is-glob': [ '4.0.3' ],
151 silly audit   'is-map': [ '2.0.3' ],
151 silly audit   'is-negative-zero': [ '2.0.3' ],
151 silly audit   'is-number': [ '7.0.0' ],
151 silly audit   'is-number-object': [ '1.1.1' ],
151 silly audit   'is-regex': [ '1.2.1' ],
151 silly audit   'is-set': [ '2.0.3' ],
151 silly audit   'is-shared-array-buffer': [ '1.0.4' ],
151 silly audit   'is-string': [ '1.1.1' ],
151 silly audit   'is-symbol': [ '1.1.1' ],
151 silly audit   'is-typed-array': [ '1.1.15' ],
151 silly audit   'is-weakmap': [ '2.0.2' ],
151 silly audit   'is-weakref': [ '1.1.1' ],
151 silly audit   'is-weakset': [ '2.0.4' ],
151 silly audit   'is-wsl': [ '2.2.0' ],
151 silly audit   isarray: [ '2.0.5' ],
151 silly audit   isexe: [ '2.0.0' ],
151 silly audit   'iterator.prototype': [ '1.1.5' ],
151 silly audit   jiti: [ '2.7.0' ],
151 silly audit   'jpeg-js': [ '0.4.4' ],
151 silly audit   'js-library-detector': [ '6.7.0' ],
151 silly audit   'js-tokens': [ '4.0.0' ],
151 silly audit   'js-yaml': [ '4.2.0' ],
151 silly audit   jsesc: [ '3.1.0' ],
151 silly audit   'json-buffer': [ '3.0.1' ],
151 silly audit   'json-schema-traverse': [ '0.4.1' ],
151 silly audit   'json-stable-stringify-without-jsonify': [ '1.0.1' ],
151 silly audit   json5: [ '2.2.3', '1.0.2' ],
151 silly audit   'jsx-ast-utils': [ '3.3.5' ],
151 silly audit   keyv: [ '4.5.4' ],
151 silly audit   'language-subtag-registry': [ '0.3.23' ],
151 silly audit   'language-tags': [ '1.0.9' ],
151 silly audit   'legacy-javascript': [ '0.0.1' ],
151 silly audit   levn: [ '0.4.1' ],
151 silly audit   lighthouse: [ '12.8.2' ],
151 silly audit   'lighthouse-logger': [ '2.0.2' ],
151 silly audit   'lighthouse-stack-packs': [ '1.12.2' ],
151 silly audit   lightningcss: [ '1.32.0' ],
151 silly audit   'lightningcss-android-arm64': [ '1.32.0' ],
151 silly audit   'lightningcss-darwin-arm64': [ '1.32.0' ],
151 silly audit   'lightningcss-darwin-x64': [ '1.32.0' ],
151 silly audit   'lightningcss-freebsd-x64': [ '1.32.0' ],
151 silly audit   'lightningcss-linux-arm-gnueabihf': [ '1.32.0' ],
151 silly audit   'lightningcss-linux-arm64-gnu': [ '1.32.0' ],
151 silly audit   'lightningcss-linux-arm64-musl': [ '1.32.0' ],
151 silly audit   'lightningcss-linux-x64-gnu': [ '1.32.0' ],
151 silly audit   'lightningcss-linux-x64-musl': [ '1.32.0' ],
151 silly audit   'lightningcss-win32-arm64-msvc': [ '1.32.0' ],
151 silly audit   'lightningcss-win32-x64-msvc': [ '1.32.0' ],
151 silly audit   'locate-path': [ '6.0.0' ],
151 silly audit   'lodash-es': [ '4.18.1' ],
151 silly audit   'lodash.defaults': [ '4.2.0' ],
151 silly audit   'lodash.isarguments': [ '3.1.0' ],
151 silly audit   'lodash.merge': [ '4.6.2' ],
151 silly audit   'lookup-closest-locale': [ '6.2.0' ],
151 silly audit   'loose-envify': [ '1.4.0' ],
151 silly audit   'lru-cache': [ '5.1.1', '7.18.3' ],
151 silly audit   luxon: [ '3.7.2' ],
151 silly audit   'magic-string': [ '0.30.21' ],
151 silly audit   marky: [ '1.3.0' ],
151 silly audit   'math-intrinsics': [ '1.1.0' ],
151 silly audit   merge2: [ '1.4.1' ],
151 silly audit   'metaviewport-parser': [ '0.3.0' ],
151 silly audit   micromatch: [ '4.0.8' ],
151 silly audit   minimist: [ '1.2.8' ],
151 silly audit   mitt: [ '3.0.1' ],
151 silly audit   'module-details-from-path': [ '1.0.4' ],
151 silly audit   ms: [ '2.1.3' ],
151 silly audit   msgpackr: [ '2.0.2' ],
151 silly audit   'msgpackr-extract': [ '3.0.4' ],
151 silly audit   nanoid: [ '3.3.12' ],
151 silly audit   'napi-postinstall': [ '0.3.4' ],
151 silly audit   'natural-compare': [ '1.4.0' ],
151 silly audit   netmask: [ '2.1.1' ],
151 silly audit   next: [ '16.2.7' ],
151 silly audit   postcss: [ '8.4.31', '8.5.15' ],
151 silly audit   'node-abort-controller': [ '3.1.1' ],
151 silly audit   'node-exports-info': [ '1.6.0' ],
151 silly audit   'node-fetch-native': [ '1.6.7' ],
151 silly audit   'node-gyp-build-optional-packages': [ '5.2.2' ],
151 silly audit   'node-releases': [ '2.0.47' ],
151 silly audit   nypm: [ '0.6.6' ],
151 silly audit   'object-assign': [ '4.1.1' ],
151 silly audit   'object-inspect': [ '1.13.4' ],
151 silly audit   'object-keys': [ '1.1.1' ],
151 silly audit   'object.assign': [ '4.1.7' ],
151 silly audit   'object.entries': [ '1.1.9' ],
151 silly audit   'object.fromentries': [ '2.0.8' ],
151 silly audit   'object.groupby': [ '1.0.3' ],
151 silly audit   'object.values': [ '1.2.1' ],
151 silly audit   ohash: [ '2.0.11' ],
151 silly audit   once: [ '1.4.0' ],
151 silly audit   open: [ '8.4.2' ],
151 silly audit   optionator: [ '0.9.4' ],
151 silly audit   'own-keys': [ '1.0.1' ],
151 silly audit   'p-limit': [ '3.1.0' ],
151 silly audit   'p-locate': [ '5.0.0' ],
151 silly audit   'pac-proxy-agent': [ '7.2.0' ],
151 silly audit   'pac-resolver': [ '7.0.1' ],
151 silly audit   'parent-module': [ '1.0.1' ],
151 silly audit   'parse-cache-control': [ '1.0.1' ],
151 silly audit   'path-exists': [ '4.0.0' ],
151 silly audit   'path-key': [ '3.1.1' ],
151 silly audit   'path-parse': [ '1.0.7' ],
151 silly audit   pathe: [ '2.0.3' ],
151 silly audit   pend: [ '1.2.0' ],
151 silly audit   'perfect-debounce': [ '1.0.0' ],
151 silly audit   'pg-int8': [ '1.0.1' ],
151 silly audit   'pg-protocol': [ '1.14.0' ],
151 silly audit   'pg-types': [ '2.2.0' ],
151 silly audit   picocolors: [ '1.1.1' ],
151 silly audit   picomatch: [ '2.3.2', '4.0.4' ],
151 silly audit   'pkg-types': [ '2.3.1' ],
151 silly audit   'possible-typed-array-names': [ '1.1.0' ],
151 silly audit   'postgres-array': [ '2.0.0' ],
151 silly audit   'postgres-bytea': [ '1.0.1' ],
151 silly audit   'postgres-date': [ '1.0.7' ],
151 silly audit   'postgres-interval': [ '1.2.0' ],
151 silly audit   'prelude-ls': [ '1.2.1' ],
151 silly audit   prisma: [ '6.19.3' ],
151 silly audit   progress: [ '2.0.3' ],
151 silly audit   'prop-types': [ '15.8.1' ],
151 silly audit   'proxy-agent': [ '6.5.0' ],
151 silly audit   'proxy-from-env': [ '1.1.0' ],
151 silly audit   pump: [ '3.0.4' ],
151 silly audit   punycode: [ '2.3.1' ],
151 silly audit   'puppeteer-core': [ '24.43.1' ],
151 silly audit   ws: [ '8.21.0', '7.5.11' ],
151 silly audit   'pure-rand': [ '6.1.0' ],
151 silly audit   'queue-microtask': [ '1.2.3' ],
151 silly audit   rc9: [ '2.1.2' ],
151 silly audit   react: [ '19.2.4' ],
151 silly audit   'react-dom': [ '19.2.4' ],
151 silly audit   'react-is': [ '16.13.1' ],
151 silly audit   readdirp: [ '4.1.2' ],
151 silly audit   'redis-errors': [ '1.2.0' ],
151 silly audit   'redis-parser': [ '3.0.0' ],
151 silly audit   'reflect.getprototypeof': [ '1.0.10' ],
151 silly audit   'regexp.prototype.flags': [ '1.5.4' ],
151 silly audit   'require-directory': [ '2.1.1' ],
151 silly audit   'require-in-the-middle': [ '7.5.2' ],
151 silly audit   resolve: [ '1.22.12', '2.0.0-next.7' ],
151 silly audit   'resolve-from': [ '4.0.0' ],
151 silly audit   'resolve-pkg-maps': [ '1.0.0' ],
151 silly audit   reusify: [ '1.1.0' ],
151 silly audit   'robots-parser': [ '3.0.1' ],
151 silly audit   'run-parallel': [ '1.2.0' ],
151 silly audit   'safe-array-concat': [ '1.1.4' ],
151 silly audit   'safe-push-apply': [ '1.0.0' ],
151 silly audit   'safe-regex-test': [ '1.1.0' ],
151 silly audit   scheduler: [ '0.27.0' ],
151 silly audit   'set-function-length': [ '1.2.2' ],
151 silly audit   'set-function-name': [ '2.0.2' ],
151 silly audit   'set-proto': [ '1.0.0' ],
151 silly audit   sharp: [ '0.34.5' ],
151 silly audit   'shebang-command': [ '2.0.0' ],
151 silly audit   'shebang-regex': [ '3.0.0' ],
151 silly audit   shimmer: [ '1.2.1' ],
151 silly audit   'side-channel': [ '1.1.0' ],
151 silly audit   'side-channel-list': [ '1.0.1' ],
151 silly audit   'side-channel-map': [ '1.0.1' ],
151 silly audit   'side-channel-weakmap': [ '1.0.2' ],
151 silly audit   'smart-buffer': [ '4.2.0' ],
151 silly audit   socks: [ '2.8.9' ],
151 silly audit   'socks-proxy-agent': [ '8.0.5' ],
151 silly audit   'source-map': [ '0.6.1' ],
151 silly audit   'source-map-js': [ '1.2.1' ],
151 silly audit   'speedline-core': [ '1.4.3' ],
151 silly audit   'stable-hash': [ '0.0.5' ],
151 silly audit   'standard-as-callback': [ '2.1.0' ],
151 silly audit   'stop-iteration-iterator': [ '1.1.0' ],
151 silly audit   streamx: [ '2.26.0' ],
151 silly audit   'string-width': [ '4.2.3' ],
151 silly audit   'string.prototype.includes': [ '2.0.1' ],
151 silly audit   'string.prototype.matchall': [ '4.0.12' ],
151 silly audit   'string.prototype.repeat': [ '1.0.0' ],
151 silly audit   'string.prototype.trim': [ '1.2.10' ],
151 silly audit   'string.prototype.trimend': [ '1.0.9' ],
151 silly audit   'string.prototype.trimstart': [ '1.0.8' ],
151 silly audit   'strip-ansi': [ '6.0.1' ],
151 silly audit   'strip-bom': [ '3.0.0' ],
151 silly audit   'strip-json-comments': [ '3.1.1' ],
151 silly audit   'stubborn-fs': [ '2.0.0' ],
151 silly audit   'stubborn-utils': [ '1.0.2' ],
151 silly audit   'styled-jsx': [ '5.1.6' ],
151 silly audit   'supports-color': [ '7.2.0' ],
151 silly audit   'supports-preserve-symlinks-flag': [ '1.0.0' ],
151 silly audit   tailwindcss: [ '4.3.0' ],
151 silly audit   tapable: [ '2.3.3' ],
151 silly audit   'tar-fs': [ '3.1.2' ],
151 silly audit   'tar-stream': [ '3.2.0' ],
151 silly audit   teex: [ '1.0.1' ],
151 silly audit   'text-decoder': [ '1.2.7' ],
151 silly audit   'third-party-web': [ '0.27.0' ],
151 silly audit   tinyexec: [ '1.2.4' ],
151 silly audit   tinyglobby: [ '0.2.17' ],
151 silly audit   fdir: [ '6.5.0' ],
151 silly audit   'tldts-core': [ '7.4.2' ],
151 silly audit   'tldts-icann': [ '7.4.2' ],
151 silly audit   'to-regex-range': [ '5.0.1' ],
151 silly audit   'ts-api-utils': [ '2.5.0' ],
151 silly audit   'tsconfig-paths': [ '3.15.0' ],
151 silly audit   tslib: [ '2.8.1' ],
151 silly audit   tsx: [ '4.22.4' ],
151 silly audit   'type-check': [ '0.4.0' ],
151 silly audit   'type-fest': [ '4.41.0' ],
151 silly audit   'typed-array-buffer': [ '1.0.3' ],
151 silly audit   'typed-array-byte-length': [ '1.0.3' ],
151 silly audit   'typed-array-byte-offset': [ '1.0.4' ],
151 silly audit   'typed-array-length': [ '1.0.8' ],
151 silly audit   'typed-query-selector': [ '2.12.2' ],
151 silly audit   typescript: [ '5.9.3' ],
151 silly audit   'typescript-eslint': [ '8.60.1' ],
151 silly audit   'unbox-primitive': [ '1.1.0' ],
151 silly audit   'undici-types': [ '6.21.0' ],
151 silly audit   'unrs-resolver': [ '1.12.2' ],
151 silly audit   'update-browserslist-db': [ '1.2.3' ],
151 silly audit   'uri-js': [ '4.4.1' ],
151 silly audit   'webdriver-bidi-protocol': [ '0.4.1' ],
151 silly audit   'when-exit': [ '2.1.5' ],
151 silly audit   which: [ '2.0.2' ],
151 silly audit   'which-boxed-primitive': [ '1.1.1' ],
151 silly audit   'which-builtin-type': [ '1.2.1' ],
151 silly audit   'which-collection': [ '1.0.2' ],
151 silly audit   'which-typed-array': [ '1.1.21' ],
151 silly audit   'word-wrap': [ '1.2.5' ],
151 silly audit   'wrap-ansi': [ '7.0.0' ],
151 silly audit   wrappy: [ '1.0.2' ],
151 silly audit   'xdg-basedir': [ '5.1.0' ],
151 silly audit   xtend: [ '4.0.2' ],
151 silly audit   y18n: [ '5.0.8' ],
151 silly audit   yallist: [ '3.1.1' ],
151 silly audit   yargs: [ '17.7.2' ],
151 silly audit   'yargs-parser': [ '21.1.1' ],
151 silly audit   yauzl: [ '2.10.0' ],
151 silly audit   'yocto-queue': [ '0.1.0' ],
151 silly audit   zod: [ '3.25.76' ],
151 silly audit   'zod-validation-error': [ '4.0.2' ],
151 silly audit   cheerio: [ '1.2.0' ],
151 silly audit   'cheerio-select': [ '2.1.0' ],
151 silly audit   'dom-serializer': [ '2.0.0' ],
151 silly audit   domhandler: [ '5.0.3' ],
151 silly audit   domutils: [ '3.2.2' ],
151 silly audit   'encoding-sniffer': [ '0.2.1' ],
151 silly audit   htmlparser2: [ '10.1.0' ],
151 silly audit   parse5: [ '7.3.0' ],
151 silly audit   'parse5-htmlparser2-tree-adapter': [ '7.1.0' ],
151 silly audit   'parse5-parser-stream': [ '7.1.2' ],
151 silly audit   undici: [ '7.27.1' ],
151 silly audit   'whatwg-mimetype': [ '4.0.0' ],
151 silly audit   boolbase: [ '1.0.0' ],
151 silly audit   'css-select': [ '5.2.2' ],
151 silly audit   'css-what': [ '6.2.2' ],
151 silly audit   domelementtype: [ '2.3.0' ],
151 silly audit   'nth-check': [ '2.1.1' ],
151 silly audit   entities: [ '4.5.0', '7.0.1', '6.0.1' ],
151 silly audit   'iconv-lite': [ '0.6.3' ],
151 silly audit   'whatwg-encoding': [ '3.1.1' ],
151 silly audit   'safer-buffer': [ '2.1.2' ]
151 silly audit }
152 http cache whatwg-encoding@https://registry.npmjs.org/whatwg-encoding/-/whatwg-encoding-3.1.1.tgz 0ms (cache hit)
153 http cache safer-buffer@https://registry.npmjs.org/safer-buffer/-/safer-buffer-2.1.2.tgz 0ms (cache hit)
154 http cache iconv-lite@https://registry.npmjs.org/iconv-lite/-/iconv-lite-0.6.3.tgz 0ms (cache hit)
155 http cache css-what@https://registry.npmjs.org/css-what/-/css-what-6.2.2.tgz 0ms (cache hit)
156 http cache nth-check@https://registry.npmjs.org/nth-check/-/nth-check-2.1.1.tgz 0ms (cache hit)
157 http cache boolbase@https://registry.npmjs.org/boolbase/-/boolbase-1.0.0.tgz 0ms (cache hit)
158 http cache css-select@https://registry.npmjs.org/css-select/-/css-select-5.2.2.tgz 0ms (cache hit)
159 http cache whatwg-mimetype@https://registry.npmjs.org/whatwg-mimetype/-/whatwg-mimetype-4.0.0.tgz 0ms (cache hit)
160 http cache undici@https://registry.npmjs.org/undici/-/undici-7.27.1.tgz 0ms (cache hit)
161 http cache parse5-htmlparser2-tree-adapter@https://registry.npmjs.org/parse5-htmlparser2-tree-adapter/-/parse5-htmlparser2-tree-adapter-7.1.0.tgz 0ms (cache hit)
162 http cache parse5-parser-stream@https://registry.npmjs.org/parse5-parser-stream/-/parse5-parser-stream-7.1.2.tgz 0ms (cache hit)
163 http cache encoding-sniffer@https://registry.npmjs.org/encoding-sniffer/-/encoding-sniffer-0.2.1.tgz 0ms (cache hit)
164 http cache domutils@https://registry.npmjs.org/domutils/-/domutils-3.2.2.tgz 0ms (cache hit)
165 http cache domelementtype@https://registry.npmjs.org/domelementtype/-/domelementtype-2.3.0.tgz 0ms (cache hit)
166 http cache domhandler@https://registry.npmjs.org/domhandler/-/domhandler-5.0.3.tgz 0ms (cache hit)
167 http cache htmlparser2@https://registry.npmjs.org/htmlparser2/-/htmlparser2-10.1.0.tgz 0ms (cache hit)
168 http cache dom-serializer@https://registry.npmjs.org/dom-serializer/-/dom-serializer-2.0.0.tgz 0ms (cache hit)
169 http cache cheerio-select@https://registry.npmjs.org/cheerio-select/-/cheerio-select-2.1.0.tgz 0ms (cache hit)
170 http cache entities@https://registry.npmjs.org/entities/-/entities-4.5.0.tgz 0ms (cache hit)
171 http cache cheerio@https://registry.npmjs.org/cheerio/-/cheerio-1.2.0.tgz 0ms (cache hit)
172 http cache entities@https://registry.npmjs.org/entities/-/entities-7.0.1.tgz 0ms (cache hit)
173 http cache entities@https://registry.npmjs.org/entities/-/entities-6.0.1.tgz 0ms (cache hit)
174 http cache parse5@https://registry.npmjs.org/parse5/-/parse5-7.3.0.tgz 0ms (cache hit)
175 silly tarball no local data for whatwg-encoding@https://registry.npmjs.org/whatwg-encoding/-/whatwg-encoding-3.1.1.tgz. Extracting by manifest.
176 silly tarball no local data for safer-buffer@https://registry.npmjs.org/safer-buffer/-/safer-buffer-2.1.2.tgz. Extracting by manifest.
177 silly tarball no local data for iconv-lite@https://registry.npmjs.org/iconv-lite/-/iconv-lite-0.6.3.tgz. Extracting by manifest.
178 silly tarball no local data for css-what@https://registry.npmjs.org/css-what/-/css-what-6.2.2.tgz. Extracting by manifest.
179 silly tarball no local data for nth-check@https://registry.npmjs.org/nth-check/-/nth-check-2.1.1.tgz. Extracting by manifest.
180 silly tarball no local data for boolbase@https://registry.npmjs.org/boolbase/-/boolbase-1.0.0.tgz. Extracting by manifest.
181 silly tarball no local data for css-select@https://registry.npmjs.org/css-select/-/css-select-5.2.2.tgz. Extracting by manifest.
182 silly tarball no local data for whatwg-mimetype@https://registry.npmjs.org/whatwg-mimetype/-/whatwg-mimetype-4.0.0.tgz. Extracting by manifest.
183 silly tarball no local data for undici@https://registry.npmjs.org/undici/-/undici-7.27.1.tgz. Extracting by manifest.
184 silly tarball no local data for parse5-htmlparser2-tree-adapter@https://registry.npmjs.org/parse5-htmlparser2-tree-adapter/-/parse5-htmlparser2-tree-adapter-7.1.0.tgz. Extracting by manifest.
185 silly tarball no local data for parse5-parser-stream@https://registry.npmjs.org/parse5-parser-stream/-/parse5-parser-stream-7.1.2.tgz. Extracting by manifest.
186 silly tarball no local data for encoding-sniffer@https://registry.npmjs.org/encoding-sniffer/-/encoding-sniffer-0.2.1.tgz. Extracting by manifest.
187 silly tarball no local data for domutils@https://registry.npmjs.org/domutils/-/domutils-3.2.2.tgz. Extracting by manifest.
188 silly tarball no local data for domelementtype@https://registry.npmjs.org/domelementtype/-/domelementtype-2.3.0.tgz. Extracting by manifest.
189 silly tarball no local data for domhandler@https://registry.npmjs.org/domhandler/-/domhandler-5.0.3.tgz. Extracting by manifest.
190 silly tarball no local data for htmlparser2@https://registry.npmjs.org/htmlparser2/-/htmlparser2-10.1.0.tgz. Extracting by manifest.
191 silly tarball no local data for dom-serializer@https://registry.npmjs.org/dom-serializer/-/dom-serializer-2.0.0.tgz. Extracting by manifest.
192 silly tarball no local data for cheerio-select@https://registry.npmjs.org/cheerio-select/-/cheerio-select-2.1.0.tgz. Extracting by manifest.
193 silly tarball no local data for entities@https://registry.npmjs.org/entities/-/entities-4.5.0.tgz. Extracting by manifest.
194 silly tarball no local data for cheerio@https://registry.npmjs.org/cheerio/-/cheerio-1.2.0.tgz. Extracting by manifest.
195 silly tarball no local data for entities@https://registry.npmjs.org/entities/-/entities-7.0.1.tgz. Extracting by manifest.
196 silly tarball no local data for entities@https://registry.npmjs.org/entities/-/entities-6.0.1.tgz. Extracting by manifest.
197 silly tarball no local data for parse5@https://registry.npmjs.org/parse5/-/parse5-7.3.0.tgz. Extracting by manifest.
198 http fetch GET 200 https://registry.npmjs.org/boolbase/-/boolbase-1.0.0.tgz 56ms (cache miss)
199 http fetch GET 200 https://registry.npmjs.org/whatwg-encoding/-/whatwg-encoding-3.1.1.tgz 57ms (cache miss)
200 warn deprecated whatwg-encoding@3.1.1: Use @exodus/bytes instead for a more spec-conformant and faster implementation
201 http fetch GET 200 https://registry.npmjs.org/safer-buffer/-/safer-buffer-2.1.2.tgz 57ms (cache miss)
202 http fetch GET 200 https://registry.npmjs.org/nth-check/-/nth-check-2.1.1.tgz 77ms (cache miss)
203 http fetch GET 200 https://registry.npmjs.org/domhandler/-/domhandler-5.0.3.tgz 76ms (cache miss)
204 http fetch GET 200 https://registry.npmjs.org/dom-serializer/-/dom-serializer-2.0.0.tgz 77ms (cache miss)
205 http fetch GET 200 https://registry.npmjs.org/css-what/-/css-what-6.2.2.tgz 81ms (cache miss)
206 http fetch GET 200 https://registry.npmjs.org/parse5-htmlparser2-tree-adapter/-/parse5-htmlparser2-tree-adapter-7.1.0.tgz 86ms (cache miss)
207 http fetch GET 200 https://registry.npmjs.org/cheerio-select/-/cheerio-select-2.1.0.tgz 98ms (cache miss)
208 http fetch GET 200 https://registry.npmjs.org/iconv-lite/-/iconv-lite-0.6.3.tgz 102ms (cache miss)
209 http fetch GET 200 https://registry.npmjs.org/parse5-parser-stream/-/parse5-parser-stream-7.1.2.tgz 101ms (cache miss)
210 http fetch GET 200 https://registry.npmjs.org/whatwg-mimetype/-/whatwg-mimetype-4.0.0.tgz 102ms (cache miss)
211 http fetch GET 200 https://registry.npmjs.org/domelementtype/-/domelementtype-2.3.0.tgz 129ms (cache miss)
212 http fetch GET 200 https://registry.npmjs.org/encoding-sniffer/-/encoding-sniffer-0.2.1.tgz 151ms (cache miss)
213 http fetch GET 200 https://registry.npmjs.org/htmlparser2/-/htmlparser2-10.1.0.tgz 152ms (cache miss)
214 http fetch GET 200 https://registry.npmjs.org/domutils/-/domutils-3.2.2.tgz 184ms (cache miss)
215 http fetch GET 200 https://registry.npmjs.org/entities/-/entities-4.5.0.tgz 191ms (cache miss)
216 http fetch GET 200 https://registry.npmjs.org/parse5/-/parse5-7.3.0.tgz 207ms (cache miss)
217 http fetch GET 200 https://registry.npmjs.org/entities/-/entities-6.0.1.tgz 214ms (cache miss)
218 http fetch GET 200 https://registry.npmjs.org/css-select/-/css-select-5.2.2.tgz 223ms (cache miss)
219 http fetch GET 200 https://registry.npmjs.org/entities/-/entities-7.0.1.tgz 226ms (cache miss)
220 http fetch GET 200 https://registry.npmjs.org/undici/-/undici-7.27.1.tgz 268ms (cache miss)
221 http fetch GET 200 https://registry.npmjs.org/cheerio/-/cheerio-1.2.0.tgz 269ms (cache miss)
222 http fetch POST 200 https://registry.npmjs.org/-/npm/v1/security/advisories/bulk 419ms
223 silly audit report {
223 silly audit report   postcss: [
223 silly audit report     {
223 silly audit report       id: 1117015,
223 silly audit report       url: 'https://github.com/advisories/GHSA-qx2v-qp2m-jg93',
223 silly audit report       title: 'PostCSS has XSS via Unescaped </style> in its CSS Stringify Output',
223 silly audit report       severity: 'moderate',
223 silly audit report       vulnerable_versions: '<8.5.10',
223 silly audit report       cwe: [Array],
223 silly audit report       cvss: [Object]
223 silly audit report     }
223 silly audit report   ]
223 silly audit report }
224 silly packumentCache corgi:https://registry.npmjs.org/postcss cache-miss
225 http fetch GET 200 https://registry.npmjs.org/postcss 379ms (cache revalidated)
226 silly packumentCache corgi:https://registry.npmjs.org/postcss set size:344717 disposed:false
227 silly packumentCache corgi:https://registry.npmjs.org/next cache-miss
228 http fetch GET 200 https://registry.npmjs.org/next 102ms (cache revalidated)
229 silly packumentCache corgi:https://registry.npmjs.org/next set size:25137888 disposed:false
230 silly ADD node_modules/safer-buffer
231 silly ADD node_modules/whatwg-encoding
232 silly ADD node_modules/iconv-lite
233 silly ADD node_modules/entities
234 silly ADD node_modules/nth-check
235 silly ADD node_modules/domelementtype
236 silly ADD node_modules/css-what
237 silly ADD node_modules/css-select
238 silly ADD node_modules/boolbase
239 silly ADD node_modules/whatwg-mimetype
240 silly ADD node_modules/undici
241 silly ADD node_modules/parse5-parser-stream
242 silly ADD node_modules/parse5-htmlparser2-tree-adapter
243 silly ADD node_modules/parse5
244 silly ADD node_modules/parse5/node_modules/entities
245 silly ADD node_modules/htmlparser2
246 silly ADD node_modules/htmlparser2/node_modules/entities
247 silly ADD node_modules/encoding-sniffer
248 silly ADD node_modules/domutils
249 silly ADD node_modules/domhandler
250 silly ADD node_modules/dom-serializer
251 silly ADD node_modules/cheerio-select
252 silly ADD node_modules/cheerio
253 verbose cwd /Users/ibama/smart-world-x
254 verbose os Darwin 25.3.0
255 verbose node v24.14.1
256 verbose npm  v11.11.0
257 verbose exit 0
258 info ok
